{"C:\\Users\\Lenovo\\OneDrive\\Documents\\GitHub\\3D_Viet-Hung-Portfolio\\src\\App.tsx": {"path":"C:\\Users\\Lenovo\\OneDrive\\Documents\\GitHub\\3D_Viet-Hung-Portfolio\\src\\App.tsx","statementMap":{"0":{"start":{"line":2,"column":0},"end":{"line":2,"column":42}},"1":{"start":{"line":5,"column":0},"end":{"line":5,"column":74}},"2":{"start":{"line":7,"column":0},"end":{"line":7,"column":41}},"3":{"start":{"line":8,"column":0},"end":{"line":8,"column":63}},"4":{"start":{"line":10,"column":12},"end":{"line":28,"column":1}},"5":{"start":{"line":11,"column":20},"end":{"line":11,"column":71}},"6":{"start":{"line":11,"column":54},"end":{"line":11,"column":70}},"7":{"start":{"line":13,"column":2},"end":{"line":27,"column":4}},"8":{"start":{"line":30,"column":0},"end":{"line":30,"column":19}}},"fnMap":{"0":{"name":"(anonymous_0)","decl":{"start":{"line":10,"column":12},"end":{"line":10,"column":15}},"loc":{"start":{"line":10,"column":17},"end":{"line":28,"column":1}}},"1":{"name":"(anonymous_1)","decl":{"start":{"line":11,"column":32},"end":{"line":11,"column":33}},"loc":{"start":{"line":11,"column":54},"end":{"line":11,"column":70}}}},"branchMap":{"0":{"loc":{"start":{"line":14,"column":20},"end":{"line":14,"column":54}},"type":"cond-expr","locations":[{"start":{"line":14,"column":43},"end":{"line":14,"column":49}},{"start":{"line":14,"column":52},"end":{"line":14,"column":54}}]}},"s":{"0":0,"1":0,"2":0,"3":0,"4":0,"5":0,"6":0,"7":0,"8":0},"f":{"0":0,"1":0},"b":{"0":[0,0]}}
,"C:\\Users\\Lenovo\\OneDrive\\Documents\\GitHub\\3D_Viet-Hung-Portfolio\\src\\i18n.ts": {"path":"C:\\Users\\Lenovo\\OneDrive\\Documents\\GitHub\\3D_Viet-Hung-Portfolio\\src\\i18n.ts","statementMap":{"0":{"start":{"line":1,"column":0},"end":{"line":1,"column":27}},"1":{"start":{"line":2,"column":0},"end":{"line":2,"column":49}},"2":{"start":{"line":3,"column":0},"end":{"line":3,"column":68}},"3":{"start":{"line":5,"column":16},"end":{"line":5,"column":20}},"4":{"start":{"line":7,"column":0},"end":{"line":22,"column":3}},"5":{"start":{"line":25,"column":25},"end":{"line":45,"column":1}},"6":{"start":{"line":26,"column":2},"end":{"line":44,"column":3}},"7":{"start":{"line":27,"column":4},"end":{"line":27,"column":21}},"8":{"start":{"line":28,"column":25},"end":{"line":28,"column":55}},"9":{"start":{"line":29,"column":4},"end":{"line":33,"column":5}},"10":{"start":{"line":30,"column":6},"end":{"line":32,"column":9}},"11":{"start":{"line":31,"column":8},"end":{"line":31,"column":75}},"12":{"start":{"line":35,"column":23},"end":{"line":35,"column":55}},"13":{"start":{"line":36,"column":4},"end":{"line":38,"column":5}},"14":{"start":{"line":37,"column":6},"end":{"line":37,"column":44}},"15":{"start":{"line":40,"column":4},"end":{"line":40,"column":57}},"16":{"start":{"line":42,"column":4},"end":{"line":42,"column":22}},"17":{"start":{"line":43,"column":4},"end":{"line":43,"column":24}},"18":{"start":{"line":48,"column":0},"end":{"line":48,"column":19}},"19":{"start":{"line":51,"column":0},"end":{"line":53,"column":3}},"20":{"start":{"line":52,"column":2},"end":{"line":52,"column":40}},"21":{"start":{"line":56,"column":37},"end":{"line":56,"column":52}},"22":{"start":{"line":56,"column":43},"end":{"line":56,"column":52}},"23":{"start":{"line":56,"column":13},"end":{"line":56,"column":37}},"24":{"start":{"line":57,"column":34},"end":{"line":57,"column":58}},"25":{"start":{"line":57,"column":40},"end":{"line":57,"column":58}},"26":{"start":{"line":57,"column":13},"end":{"line":57,"column":34}},"27":{"start":{"line":59,"column":0},"end":{"line":59,"column":20}}},"fnMap":{"0":{"name":"(anonymous_0)","decl":{"start":{"line":25,"column":25},"end":{"line":25,"column":30}},"loc":{"start":{"line":25,"column":36},"end":{"line":45,"column":1}}},"1":{"name":"(anonymous_1)","decl":{"start":{"line":30,"column":43},"end":{"line":30,"column":44}},"loc":{"start":{"line":30,"column":65},"end":{"line":32,"column":7}}},"2":{"name":"(anonymous_2)","decl":{"start":{"line":51,"column":27},"end":{"line":51,"column":28}},"loc":{"start":{"line":51,"column":35},"end":{"line":53,"column":1}}},"3":{"name":"(anonymous_3)","decl":{"start":{"line":56,"column":37},"end":{"line":56,"column":40}},"loc":{"start":{"line":56,"column":43},"end":{"line":56,"column":52}}},"4":{"name":"(anonymous_4)","decl":{"start":{"line":57,"column":34},"end":{"line":57,"column":37}},"loc":{"start":{"line":57,"column":40},"end":{"line":57,"column":58}}}},"branchMap":{"0":{"loc":{"start":{"line":13,"column":7},"end":{"line":13,"column":47}},"type":"binary-expr","locations":[{"start":{"line":13,"column":7},"end":{"line":13,"column":39}},{"start":{"line":13,"column":43},"end":{"line":13,"column":47}}]},"1":{"loc":{"start":{"line":29,"column":4},"end":{"line":33,"column":5}},"type":"if","locations":[{"start":{"line":29,"column":4},"end":{"line":33,"column":5}}]},"2":{"loc":{"start":{"line":36,"column":4},"end":{"line":38,"column":5}},"type":"if","locations":[{"start":{"line":36,"column":4},"end":{"line":38,"column":5}}]}},"s":{"0":0,"1":0,"2":0,"3":0,"4":0,"5":0,"6":0,"7":0,"8":0,"9":0,"10":0,"11":0,"12":0,"13":0,"14":0,"15":0,"16":0,"17":0,"18":0,"19":0,"20":0,"21":0,"22":0,"23":0,"24":0,"25":0,"26":0,"27":0},"f":{"0":0,"1":0,"2":0,"3":0,"4":0},"b":{"0":[0,0],"1":[0],"2":[0]}}
,"C:\\Users\\Lenovo\\OneDrive\\Documents\\GitHub\\3D_Viet-Hung-Portfolio\\src\\main.tsx": {"path":"C:\\Users\\Lenovo\\OneDrive\\Documents\\GitHub\\3D_Viet-Hung-Portfolio\\src\\main.tsx","statementMap":{"0":{"start":{"line":2,"column":0},"end":{"line":2,"column":35}},"1":{"start":{"line":3,"column":0},"end":{"line":3,"column":46}},"2":{"start":{"line":4,"column":0},"end":{"line":4,"column":39}},"3":{"start":{"line":5,"column":0},"end":{"line":5,"column":34}},"4":{"start":{"line":7,"column":0},"end":{"line":7,"column":16}},"5":{"start":{"line":9,"column":0},"end":{"line":9,"column":28}},"6":{"start":{"line":10,"column":0},"end":{"line":10,"column":28}},"7":{"start":{"line":11,"column":0},"end":{"line":11,"column":29}},"8":{"start":{"line":13,"column":0},"end":{"line":13,"column":24}},"9":{"start":{"line":15,"column":20},"end":{"line":15,"column":52}},"10":{"start":{"line":16,"column":13},"end":{"line":16,"column":36}},"11":{"start":{"line":18,"column":0},"end":{"line":24,"column":2}}},"fnMap":{},"branchMap":{},"s":{"0":0,"1":0,"2":0,"3":0,"4":0,"5":0,"6":0,"7":0,"8":0,"9":0,"10":0,"11":0},"f":{},"b":{}}
,"C:\\Users\\Lenovo\\OneDrive\\Documents\\GitHub\\3D_Viet-Hung-Portfolio\\src\\components\\Alert.tsx": {"path":"C:\\Users\\Lenovo\\OneDrive\\Documents\\GitHub\\3D_Viet-Hung-Portfolio\\src\\components\\Alert.tsx","statementMap":{"0":{"start":{"line":2,"column":14},"end":{"line":11,"column":1}},"1":{"start":{"line":3,"column":2},"end":{"line":10,"column":null}},"2":{"start":{"line":13,"column":0},"end":{"line":13,"column":null}}},"fnMap":{"0":{"name":"(anonymous_0)","decl":{"start":{"line":2,"column":14},"end":{"line":2,"column":15}},"loc":{"start":{"line":2,"column":65},"end":{"line":11,"column":1}}}},"branchMap":{"0":{"loc":{"start":{"line":5,"column":27},"end":{"line":5,"column":75}},"type":"cond-expr","locations":[{"start":{"line":5,"column":47},"end":{"line":5,"column":59}},{"start":{"line":5,"column":62},"end":{"line":5,"column":75}}]},"1":{"loc":{"start":{"line":6,"column":29},"end":{"line":6,"column":77}},"type":"cond-expr","locations":[{"start":{"line":6,"column":49},"end":{"line":6,"column":61}},{"start":{"line":6,"column":64},"end":{"line":6,"column":77}}]},"2":{"loc":{"start":{"line":6,"column":142},"end":{"line":6,"column":182}},"type":"cond-expr","locations":[{"start":{"line":6,"column":162},"end":{"line":6,"column":170}},{"start":{"line":6,"column":173},"end":{"line":6,"column":182}}]}},"s":{"0":0,"1":0,"2":0},"f":{"0":0},"b":{"0":[0,0],"1":[0,0],"2":[0,0]}}
,"C:\\Users\\Lenovo\\OneDrive\\Documents\\GitHub\\3D_Viet-Hung-Portfolio\\src\\components\\HomeInfo.tsx": {"path":"C:\\Users\\Lenovo\\OneDrive\\Documents\\GitHub\\3D_Viet-Hung-Portfolio\\src\\components\\HomeInfo.tsx","statementMap":{"0":{"start":{"line":2,"column":0},"end":{"line":2,"column":44}},"1":{"start":{"line":3,"column":0},"end":{"line":3,"column":40}},"2":{"start":{"line":4,"column":0},"end":{"line":4,"column":37}},"3":{"start":{"line":5,"column":0},"end":{"line":5,"column":47}},"4":{"start":{"line":6,"column":0},"end":{"line":6,"column":42}},"5":{"start":{"line":8,"column":0},"end":{"line":8,"column":58}},"6":{"start":{"line":19,"column":16},"end":{"line":43,"column":1}},"7":{"start":{"line":21,"column":20},"end":{"line":21,"column":71}},"8":{"start":{"line":21,"column":54},"end":{"line":21,"column":70}},"9":{"start":{"line":23,"column":2},"end":{"line":42,"column":4}},"10":{"start":{"line":49,"column":17},"end":{"line":102,"column":1}},"11":{"start":{"line":50,"column":16},"end":{"line":50,"column":32}},"12":{"start":{"line":51,"column":36},"end":{"line":51,"column":51}},"13":{"start":{"line":52,"column":32},"end":{"line":56,"column":4}},"14":{"start":{"line":57,"column":42},"end":{"line":57,"column":66}},"15":{"start":{"line":59,"column":2},"end":{"line":70,"column":9}},"16":{"start":{"line":60,"column":26},"end":{"line":67,"column":5}},"17":{"start":{"line":61,"column":6},"end":{"line":66,"column":7}},"18":{"start":{"line":62,"column":21},"end":{"line":62,"column":40}},"19":{"start":{"line":63,"column":8},"end":{"line":63,"column":30}},"20":{"start":{"line":65,"column":8},"end":{"line":65,"column":58}},"21":{"start":{"line":69,"column":4},"end":{"line":69,"column":20}},"22":{"start":{"line":72,"column":2},"end":{"line":92,"column":38}},"23":{"start":{"line":73,"column":4},"end":{"line":73,"column":24}},"24":{"start":{"line":75,"column":18},"end":{"line":89,"column":11}},"25":{"start":{"line":76,"column":6},"end":{"line":88,"column":7}},"26":{"start":{"line":77,"column":8},"end":{"line":77,"column":57}},"27":{"start":{"line":79,"column":26},"end":{"line":79,"column":80}},"28":{"start":{"line":79,"column":52},"end":{"line":79,"column":79}},"29":{"start":{"line":80,"column":8},"end":{"line":86,"column":9}},"30":{"start":{"line":81,"column":10},"end":{"line":85,"column":13}},"31":{"start":{"line":87,"column":8},"end":{"line":87,"column":27}},"32":{"start":{"line":91,"column":4},"end":{"line":91,"column":37}},"33":{"start":{"line":91,"column":17},"end":{"line":91,"column":36}},"34":{"start":{"line":94,"column":2},"end":{"line":101,"column":4}},"35":{"start":{"line":104,"column":0},"end":{"line":104,"column":24}}},"fnMap":{"0":{"name":"(anonymous_0)","decl":{"start":{"line":19,"column":16},"end":{"line":19,"column":17}},"loc":{"start":{"line":19,"column":70},"end":{"line":43,"column":1}}},"1":{"name":"(anonymous_1)","decl":{"start":{"line":21,"column":32},"end":{"line":21,"column":33}},"loc":{"start":{"line":21,"column":54},"end":{"line":21,"column":70}}},"2":{"name":"(anonymous_2)","decl":{"start":{"line":49,"column":17},"end":{"line":49,"column":18}},"loc":{"start":{"line":49,"column":53},"end":{"line":102,"column":1}}},"3":{"name":"(anonymous_3)","decl":{"start":{"line":59,"column":12},"end":{"line":59,"column":15}},"loc":{"start":{"line":59,"column":17},"end":{"line":70,"column":3}}},"4":{"name":"(anonymous_4)","decl":{"start":{"line":60,"column":26},"end":{"line":60,"column":31}},"loc":{"start":{"line":60,"column":37},"end":{"line":67,"column":5}}},"5":{"name":"(anonymous_5)","decl":{"start":{"line":72,"column":12},"end":{"line":72,"column":15}},"loc":{"start":{"line":72,"column":17},"end":{"line":92,"column":3}}},"6":{"name":"(anonymous_6)","decl":{"start":{"line":75,"column":29},"end":{"line":75,"column":32}},"loc":{"start":{"line":75,"column":34},"end":{"line":89,"column":5}}},"7":{"name":"(anonymous_7)","decl":{"start":{"line":79,"column":44},"end":{"line":79,"column":48}},"loc":{"start":{"line":79,"column":52},"end":{"line":79,"column":79}}},"8":{"name":"(anonymous_8)","decl":{"start":{"line":91,"column":11},"end":{"line":91,"column":14}},"loc":{"start":{"line":91,"column":17},"end":{"line":91,"column":36}}}},"branchMap":{"0":{"loc":{"start":{"line":26,"column":14},"end":{"line":26,"column":53}},"type":"cond-expr","locations":[{"start":{"line":26,"column":26},"end":{"line":26,"column":39}},{"start":{"line":26,"column":42},"end":{"line":26,"column":53}}]},"1":{"loc":{"start":{"line":31,"column":34},"end":{"line":31,"column":80}},"type":"cond-expr","locations":[{"start":{"line":31,"column":57},"end":{"line":31,"column":75}},{"start":{"line":31,"column":78},"end":{"line":31,"column":80}}]},"2":{"loc":{"start":{"line":76,"column":6},"end":{"line":88,"column":7}},"type":"if","locations":[{"start":{"line":76,"column":6},"end":{"line":88,"column":7}},{"start":{"line":78,"column":13},"end":{"line":88,"column":7}}]},"3":{"loc":{"start":{"line":80,"column":8},"end":{"line":86,"column":9}},"type":"if","locations":[{"start":{"line":80,"column":8},"end":{"line":86,"column":9}}]}},"s":{"0":0,"1":0,"2":0,"3":0,"4":0,"5":0,"6":0,"7":0,"8":0,"9":0,"10":0,"11":0,"12":0,"13":0,"14":0,"15":0,"16":0,"17":0,"18":0,"19":0,"20":0,"21":0,"22":0,"23":0,"24":0,"25":0,"26":0,"27":0,"28":0,"29":0,"30":0,"31":0,"32":0,"33":0,"34":0,"35":0},"f":{"0":0,"1":0,"2":0,"3":0,"4":0,"5":0,"6":0,"7":0,"8":0},"b":{"0":[0,0],"1":[0,0],"2":[0,0],"3":[0]}}
,"C:\\Users\\Lenovo\\OneDrive\\Documents\\GitHub\\3D_Viet-Hung-Portfolio\\src\\components\\LanguageToggle.tsx": {"path":"C:\\Users\\Lenovo\\OneDrive\\Documents\\GitHub\\3D_Viet-Hung-Portfolio\\src\\components\\LanguageToggle.tsx","statementMap":{"0":{"start":{"line":2,"column":0},"end":{"line":2,"column":33}},"1":{"start":{"line":3,"column":0},"end":{"line":3,"column":47}},"2":{"start":{"line":5,"column":23},"end":{"line":57,"column":1}},"3":{"start":{"line":6,"column":19},"end":{"line":6,"column":35}},"4":{"start":{"line":7,"column":30},"end":{"line":7,"column":45}},"5":{"start":{"line":9,"column":25},"end":{"line":12,"column":3}},"6":{"start":{"line":10,"column":4},"end":{"line":10,"column":30}},"7":{"start":{"line":11,"column":4},"end":{"line":11,"column":21}},"8":{"start":{"line":15,"column":20},"end":{"line":20,"column":4}},"9":{"start":{"line":22,"column":26},"end":{"line":22,"column":79}},"10":{"start":{"line":22,"column":51},"end":{"line":22,"column":78}},"11":{"start":{"line":24,"column":29},"end":{"line":24,"column":84}},"12":{"start":{"line":24,"column":56},"end":{"line":24,"column":83}},"13":{"start":{"line":26,"column":2},"end":{"line":56,"column":4}},"14":{"start":{"line":30,"column":23},"end":{"line":30,"column":41}},"15":{"start":{"line":43,"column":12},"end":{"line":43,"column":null}},"16":{"start":{"line":45,"column":31},"end":{"line":45,"column":56}},"17":{"start":{"line":59,"column":0},"end":{"line":59,"column":30}}},"fnMap":{"0":{"name":"(anonymous_0)","decl":{"start":{"line":5,"column":23},"end":{"line":5,"column":26}},"loc":{"start":{"line":5,"column":28},"end":{"line":57,"column":1}}},"1":{"name":"(anonymous_1)","decl":{"start":{"line":9,"column":25},"end":{"line":9,"column":26}},"loc":{"start":{"line":9,"column":42},"end":{"line":12,"column":3}}},"2":{"name":"(anonymous_2)","decl":{"start":{"line":22,"column":41},"end":{"line":22,"column":42}},"loc":{"start":{"line":22,"column":51},"end":{"line":22,"column":78}}},"3":{"name":"(anonymous_3)","decl":{"start":{"line":24,"column":46},"end":{"line":24,"column":47}},"loc":{"start":{"line":24,"column":56},"end":{"line":24,"column":83}}},"4":{"name":"(anonymous_4)","decl":{"start":{"line":30,"column":17},"end":{"line":30,"column":20}},"loc":{"start":{"line":30,"column":23},"end":{"line":30,"column":41}}},"5":{"name":"(anonymous_5)","decl":{"start":{"line":42,"column":34},"end":{"line":42,"column":35}},"loc":{"start":{"line":43,"column":12},"end":{"line":43,"column":null}}},"6":{"name":"(anonymous_6)","decl":{"start":{"line":45,"column":25},"end":{"line":45,"column":28}},"loc":{"start":{"line":45,"column":31},"end":{"line":45,"column":56}}}},"branchMap":{"0":{"loc":{"start":{"line":38,"column":7},"end":{"line":53,"column":null}},"type":"binary-expr","locations":[{"start":{"line":38,"column":7},"end":{"line":38,"column":13}},{"start":{"line":39,"column":8},"end":{"line":52,"column":null}}]},"1":{"loc":{"start":{"line":49,"column":17},"end":{"line":49,"column":109}},"type":"cond-expr","locations":[{"start":{"line":49,"column":38},"end":{"line":49,"column":47}},{"start":{"line":49,"column":50},"end":{"line":49,"column":109}}]}},"s":{"0":0,"1":0,"2":0,"3":0,"4":0,"5":0,"6":0,"7":0,"8":0,"9":0,"10":0,"11":0,"12":0,"13":0,"14":0,"15":0,"16":0,"17":0},"f":{"0":0,"1":0,"2":0,"3":0,"4":0,"5":0,"6":0},"b":{"0":[0,0],"1":[0,0]}}
,"C:\\Users\\Lenovo\\OneDrive\\Documents\\GitHub\\3D_Viet-Hung-Portfolio\\src\\components\\ThemeToggle.tsx": {"path":"C:\\Users\\Lenovo\\OneDrive\\Documents\\GitHub\\3D_Viet-Hung-Portfolio\\src\\components\\ThemeToggle.tsx","statementMap":{"0":{"start":{"line":2,"column":0},"end":{"line":2,"column":55}},"1":{"start":{"line":3,"column":0},"end":{"line":3,"column":50}},"2":{"start":{"line":6,"column":20},"end":{"line":18,"column":1}},"3":{"start":{"line":7,"column":19},"end":{"line":7,"column":32}},"4":{"start":{"line":8,"column":20},"end":{"line":8,"column":71}},"5":{"start":{"line":8,"column":54},"end":{"line":8,"column":70}},"6":{"start":{"line":10,"column":2},"end":{"line":17,"column":4}},"7":{"start":{"line":12,"column":21},"end":{"line":12,"column":44}},"8":{"start":{"line":20,"column":0},"end":{"line":20,"column":27}}},"fnMap":{"0":{"name":"(anonymous_0)","decl":{"start":{"line":6,"column":20},"end":{"line":6,"column":23}},"loc":{"start":{"line":6,"column":25},"end":{"line":18,"column":1}}},"1":{"name":"(anonymous_1)","decl":{"start":{"line":8,"column":32},"end":{"line":8,"column":33}},"loc":{"start":{"line":8,"column":54},"end":{"line":8,"column":70}}},"2":{"name":"(anonymous_2)","decl":{"start":{"line":12,"column":15},"end":{"line":12,"column":18}},"loc":{"start":{"line":12,"column":21},"end":{"line":12,"column":44}}}},"branchMap":{"0":{"loc":{"start":{"line":15,"column":7},"end":{"line":15,"column":42}},"type":"cond-expr","locations":[{"start":{"line":15,"column":31},"end":{"line":15,"column":35}},{"start":{"line":15,"column":38},"end":{"line":15,"column":42}}]}},"s":{"0":0,"1":0,"2":0,"3":0,"4":0,"5":0,"6":0,"7":0,"8":0},"f":{"0":0,"1":0,"2":0},"b":{"0":[0,0]}}
,"C:\\Users\\Lenovo\\OneDrive\\Documents\\GitHub\\3D_Viet-Hung-Portfolio\\src\\hooks\\useAlert.ts": {"path":"C:\\Users\\Lenovo\\OneDrive\\Documents\\GitHub\\3D_Viet-Hung-Portfolio\\src\\hooks\\useAlert.ts","statementMap":{"0":{"start":{"line":1,"column":0},"end":{"line":1,"column":33}},"1":{"start":{"line":6,"column":17},"end":{"line":28,"column":1}},"2":{"start":{"line":7,"column":28},"end":{"line":11,"column":4}},"3":{"start":{"line":13,"column":20},"end":{"line":18,"column":6}},"4":{"start":{"line":14,"column":4},"end":{"line":18,"column":6}},"5":{"start":{"line":20,"column":20},"end":{"line":25,"column":6}},"6":{"start":{"line":21,"column":4},"end":{"line":25,"column":6}},"7":{"start":{"line":27,"column":2},"end":{"line":27,"column":41}},"8":{"start":{"line":30,"column":0},"end":{"line":30,"column":24}}},"fnMap":{"0":{"name":"(anonymous_0)","decl":{"start":{"line":6,"column":17},"end":{"line":6,"column":20}},"loc":{"start":{"line":6,"column":22},"end":{"line":28,"column":1}}},"1":{"name":"(anonymous_1)","decl":{"start":{"line":13,"column":20},"end":{"line":13,"column":21}},"loc":{"start":{"line":14,"column":4},"end":{"line":18,"column":6}}},"2":{"name":"(anonymous_2)","decl":{"start":{"line":20,"column":20},"end":{"line":20,"column":23}},"loc":{"start":{"line":21,"column":4},"end":{"line":25,"column":6}}}},"branchMap":{"0":{"loc":{"start":{"line":13,"column":29},"end":{"line":13,"column":44}},"type":"default-arg","locations":[{"start":{"line":13,"column":36},"end":{"line":13,"column":44}}]}},"s":{"0":0,"1":0,"2":0,"3":0,"4":0,"5":0,"6":0,"7":0,"8":0},"f":{"0":0,"1":0,"2":0},"b":{"0":[0]}}
,"C:\\Users\\Lenovo\\OneDrive\\Documents\\GitHub\\3D_Viet-Hung-Portfolio\\src\\models\\Bonfire.tsx": {"path":"C:\\Users\\Lenovo\\OneDrive\\Documents\\GitHub\\3D_Viet-Hung-Portfolio\\src\\models\\Bonfire.tsx","statementMap":{"0":{"start":{"line":10,"column":0},"end":{"line":10,"column":32}},"1":{"start":{"line":11,"column":0},"end":{"line":11,"column":44}},"2":{"start":{"line":12,"column":0},"end":{"line":12,"column":52}},"3":{"start":{"line":14,"column":0},"end":{"line":14,"column":31}},"4":{"start":{"line":35,"column":16},"end":{"line":105,"column":1}},"5":{"start":{"line":36,"column":31},"end":{"line":36,"column":66}},"6":{"start":{"line":38,"column":23},"end":{"line":45,"column":17}},"7":{"start":{"line":39,"column":4},"end":{"line":39,"column":50}},"8":{"start":{"line":39,"column":38},"end":{"line":39,"column":50}},"9":{"start":{"line":40,"column":16},"end":{"line":40,"column":51}},"10":{"start":{"line":41,"column":4},"end":{"line":41,"column":46}},"11":{"start":{"line":42,"column":4},"end":{"line":42,"column":30}},"12":{"start":{"line":43,"column":4},"end":{"line":43,"column":27}},"13":{"start":{"line":44,"column":4},"end":{"line":44,"column":15}},"14":{"start":{"line":47,"column":2},"end":{"line":104,"column":4}},"15":{"start":{"line":107,"column":0},"end":{"line":107,"column":23}},"16":{"start":{"line":109,"column":0},"end":{"line":109,"column":30}}},"fnMap":{"0":{"name":"(anonymous_0)","decl":{"start":{"line":35,"column":16},"end":{"line":35,"column":17}},"loc":{"start":{"line":35,"column":40},"end":{"line":105,"column":1}}},"1":{"name":"(anonymous_1)","decl":{"start":{"line":38,"column":31},"end":{"line":38,"column":34}},"loc":{"start":{"line":38,"column":36},"end":{"line":45,"column":3}}}},"branchMap":{"0":{"loc":{"start":{"line":39,"column":4},"end":{"line":39,"column":50}},"type":"if","locations":[{"start":{"line":39,"column":4},"end":{"line":39,"column":50}}]},"1":{"loc":{"start":{"line":100,"column":20},"end":{"line":100,"column":63}},"type":"binary-expr","locations":[{"start":{"line":100,"column":20},"end":{"line":100,"column":32}},{"start":{"line":100,"column":36},"end":{"line":100,"column":63}}]}},"s":{"0":0,"1":0,"2":0,"3":0,"4":0,"5":0,"6":0,"7":0,"8":0,"9":0,"10":0,"11":0,"12":0,"13":0,"14":0,"15":0,"16":0},"f":{"0":0,"1":0},"b":{"0":[0],"1":[0,0]}}
,"C:\\Users\\Lenovo\\OneDrive\\Documents\\GitHub\\3D_Viet-Hung-Portfolio\\src\\models\\Book.tsx": {"path":"C:\\Users\\Lenovo\\OneDrive\\Documents\\GitHub\\3D_Viet-Hung-Portfolio\\src\\models\\Book.tsx","statementMap":{"0":{"start":{"line":11,"column":0},"end":{"line":11,"column":42}},"1":{"start":{"line":12,"column":0},"end":{"line":12,"column":59}},"2":{"start":{"line":13,"column":0},"end":{"line":13,"column":40}},"3":{"start":{"line":14,"column":0},"end":{"line":14,"column":31}},"4":{"start":{"line":16,"column":0},"end":{"line":16,"column":46}},"5":{"start":{"line":25,"column":13},"end":{"line":216,"column":1}},"6":{"start":{"line":26,"column":16},"end":{"line":26,"column":29}},"7":{"start":{"line":27,"column":43},"end":{"line":27,"column":75}},"8":{"start":{"line":28,"column":22},"end":{"line":28,"column":54}},"9":{"start":{"line":30,"column":2},"end":{"line":42,"column":27}},"10":{"start":{"line":31,"column":4},"end":{"line":37,"column":7}},"11":{"start":{"line":32,"column":6},"end":{"line":36,"column":7}},"12":{"start":{"line":33,"column":8},"end":{"line":33,"column":33}},"13":{"start":{"line":34,"column":8},"end":{"line":34,"column":33}},"14":{"start":{"line":35,"column":8},"end":{"line":35,"column":36}},"15":{"start":{"line":39,"column":4},"end":{"line":41,"column":5}},"16":{"start":{"line":40,"column":6},"end":{"line":40,"column":33}},"17":{"start":{"line":44,"column":2},"end":{"line":215,"column":4}},"18":{"start":{"line":218,"column":0},"end":{"line":218,"column":20}},"19":{"start":{"line":220,"column":0},"end":{"line":220,"column":27}}},"fnMap":{"0":{"name":"(anonymous_0)","decl":{"start":{"line":25,"column":13},"end":{"line":25,"column":14}},"loc":{"start":{"line":25,"column":34},"end":{"line":216,"column":1}}},"1":{"name":"(anonymous_1)","decl":{"start":{"line":30,"column":12},"end":{"line":30,"column":15}},"loc":{"start":{"line":30,"column":17},"end":{"line":42,"column":3}}},"2":{"name":"(anonymous_2)","decl":{"start":{"line":31,"column":37},"end":{"line":31,"column":38}},"loc":{"start":{"line":31,"column":50},"end":{"line":37,"column":5}}}},"branchMap":{"0":{"loc":{"start":{"line":32,"column":6},"end":{"line":36,"column":7}},"type":"if","locations":[{"start":{"line":32,"column":6},"end":{"line":36,"column":7}}]},"1":{"loc":{"start":{"line":39,"column":4},"end":{"line":41,"column":5}},"type":"if","locations":[{"start":{"line":39,"column":4},"end":{"line":41,"column":5}}]},"2":{"loc":{"start":{"line":68,"column":32},"end":{"line":68,"column":93}},"type":"binary-expr","locations":[{"start":{"line":68,"column":32},"end":{"line":68,"column":57}},{"start":{"line":68,"column":61},"end":{"line":68,"column":93}}]},"3":{"loc":{"start":{"line":75,"column":32},"end":{"line":75,"column":93}},"type":"binary-expr","locations":[{"start":{"line":75,"column":32},"end":{"line":75,"column":57}},{"start":{"line":75,"column":61},"end":{"line":75,"column":93}}]},"4":{"loc":{"start":{"line":84,"column":32},"end":{"line":84,"column":103}},"type":"binary-expr","locations":[{"start":{"line":84,"column":32},"end":{"line":84,"column":67}},{"start":{"line":84,"column":71},"end":{"line":84,"column":103}}]},"5":{"loc":{"start":{"line":91,"column":32},"end":{"line":91,"column":92}},"type":"binary-expr","locations":[{"start":{"line":91,"column":32},"end":{"line":91,"column":56}},{"start":{"line":91,"column":60},"end":{"line":91,"column":92}}]},"6":{"loc":{"start":{"line":112,"column":34},"end":{"line":112,"column":95}},"type":"binary-expr","locations":[{"start":{"line":112,"column":34},"end":{"line":112,"column":59}},{"start":{"line":112,"column":63},"end":{"line":112,"column":95}}]},"7":{"loc":{"start":{"line":132,"column":34},"end":{"line":132,"column":95}},"type":"binary-expr","locations":[{"start":{"line":132,"column":34},"end":{"line":132,"column":59}},{"start":{"line":132,"column":63},"end":{"line":132,"column":95}}]},"8":{"loc":{"start":{"line":150,"column":32},"end":{"line":150,"column":82}},"type":"binary-expr","locations":[{"start":{"line":150,"column":32},"end":{"line":150,"column":52}},{"start":{"line":150,"column":56},"end":{"line":150,"column":82}}]},"9":{"loc":{"start":{"line":151,"column":32},"end":{"line":151,"column":112}},"type":"binary-expr","locations":[{"start":{"line":151,"column":32},"end":{"line":151,"column":57}},{"start":{"line":151,"column":61},"end":{"line":151,"column":112}}]},"10":{"loc":{"start":{"line":152,"column":45},"end":{"line":152,"column":84}},"type":"binary-expr","locations":[{"start":{"line":152,"column":45},"end":{"line":152,"column":78}},{"start":{"line":152,"column":82},"end":{"line":152,"column":84}}]},"11":{"loc":{"start":{"line":153,"column":45},"end":{"line":153,"column":84}},"type":"binary-expr","locations":[{"start":{"line":153,"column":45},"end":{"line":153,"column":78}},{"start":{"line":153,"column":82},"end":{"line":153,"column":84}}]},"12":{"loc":{"start":{"line":170,"column":32},"end":{"line":170,"column":82}},"type":"binary-expr","locations":[{"start":{"line":170,"column":32},"end":{"line":170,"column":52}},{"start":{"line":170,"column":56},"end":{"line":170,"column":82}}]},"13":{"loc":{"start":{"line":171,"column":32},"end":{"line":171,"column":112}},"type":"binary-expr","locations":[{"start":{"line":171,"column":32},"end":{"line":171,"column":57}},{"start":{"line":171,"column":61},"end":{"line":171,"column":112}}]},"14":{"loc":{"start":{"line":172,"column":45},"end":{"line":172,"column":84}},"type":"binary-expr","locations":[{"start":{"line":172,"column":45},"end":{"line":172,"column":78}},{"start":{"line":172,"column":82},"end":{"line":172,"column":84}}]},"15":{"loc":{"start":{"line":173,"column":45},"end":{"line":173,"column":84}},"type":"binary-expr","locations":[{"start":{"line":173,"column":45},"end":{"line":173,"column":78}},{"start":{"line":173,"column":82},"end":{"line":173,"column":84}}]},"16":{"loc":{"start":{"line":190,"column":34},"end":{"line":190,"column":105}},"type":"binary-expr","locations":[{"start":{"line":190,"column":34},"end":{"line":190,"column":69}},{"start":{"line":190,"column":73},"end":{"line":190,"column":105}}]},"17":{"loc":{"start":{"line":205,"column":32},"end":{"line":205,"column":93}},"type":"binary-expr","locations":[{"start":{"line":205,"column":32},"end":{"line":205,"column":57}},{"start":{"line":205,"column":61},"end":{"line":205,"column":93}}]}},"s":{"0":0,"1":0,"2":0,"3":0,"4":0,"5":0,"6":0,"7":0,"8":0,"9":0,"10":0,"11":0,"12":0,"13":0,"14":0,"15":0,"16":0,"17":0,"18":0,"19":0},"f":{"0":0,"1":0,"2":0},"b":{"0":[0],"1":[0],"2":[0,0],"3":[0,0],"4":[0,0],"5":[0,0],"6":[0,0],"7":[0,0],"8":[0,0],"9":[0,0],"10":[0,0],"11":[0,0],"12":[0,0],"13":[0,0],"14":[0,0],"15":[0,0],"16":[0,0],"17":[0,0]}}
,"C:\\Users\\Lenovo\\OneDrive\\Documents\\GitHub\\3D_Viet-Hung-Portfolio\\src\\models\\Ciri.tsx": {"path":"C:\\Users\\Lenovo\\OneDrive\\Documents\\GitHub\\3D_Viet-Hung-Portfolio\\src\\models\\Ciri.tsx","statementMap":{"0":{"start":{"line":12,"column":0},"end":{"line":12,"column":55}},"1":{"start":{"line":13,"column":0},"end":{"line":13,"column":59}},"2":{"start":{"line":15,"column":0},"end":{"line":15,"column":46}},"3":{"start":{"line":16,"column":0},"end":{"line":16,"column":47}},"4":{"start":{"line":17,"column":0},"end":{"line":17,"column":68}},"5":{"start":{"line":19,"column":0},"end":{"line":19,"column":31}},"6":{"start":{"line":20,"column":0},"end":{"line":20,"column":56}},"7":{"start":{"line":30,"column":13},"end":{"line":870,"column":1}},"8":{"start":{"line":37,"column":16},"end":{"line":37,"column":29}},"9":{"start":{"line":39,"column":48},"end":{"line":40,"column":null}},"10":{"start":{"line":42,"column":24},"end":{"line":42,"column":54}},"11":{"start":{"line":43,"column":47},"end":{"line":44,"column":null}},"12":{"start":{"line":47,"column":27},"end":{"line":60,"column":3}},"13":{"start":{"line":48,"column":4},"end":{"line":59,"column":7}},"14":{"start":{"line":49,"column":29},"end":{"line":51,"column":8}},"15":{"start":{"line":50,"column":8},"end":{"line":50,"column":61}},"16":{"start":{"line":53,"column":22},"end":{"line":56,"column":null}},"17":{"start":{"line":58,"column":6},"end":{"line":58,"column":21}},"18":{"start":{"line":62,"column":33},"end":{"line":62,"column":65}},"19":{"start":{"line":63,"column":39},"end":{"line":63,"column":77}},"20":{"start":{"line":65,"column":29},"end":{"line":68,"column":4}},"21":{"start":{"line":70,"column":22},"end":{"line":70,"column":62}},"22":{"start":{"line":72,"column":27},"end":{"line":72,"column":37}},"23":{"start":{"line":74,"column":23},"end":{"line":74,"column":32}},"24":{"start":{"line":75,"column":16},"end":{"line":75,"column":25}},"25":{"start":{"line":76,"column":24},"end":{"line":76,"column":33}},"26":{"start":{"line":77,"column":24},"end":{"line":77,"column":36}},"27":{"start":{"line":78,"column":24},"end":{"line":78,"column":28}},"28":{"start":{"line":80,"column":20},"end":{"line":80,"column":29}},"29":{"start":{"line":82,"column":31},"end":{"line":113,"column":null}},"30":{"start":{"line":84,"column":6},"end":{"line":84,"column":42}},"31":{"start":{"line":84,"column":35},"end":{"line":84,"column":42}},"32":{"start":{"line":86,"column":6},"end":{"line":86,"column":65}},"33":{"start":{"line":86,"column":49},"end":{"line":86,"column":63}},"34":{"start":{"line":88,"column":23},"end":{"line":88,"column":64}},"35":{"start":{"line":89,"column":6},"end":{"line":111,"column":7}},"36":{"start":{"line":90,"column":8},"end":{"line":90,"column":45}},"37":{"start":{"line":92,"column":23},"end":{"line":92,"column":45}},"38":{"start":{"line":93,"column":8},"end":{"line":93,"column":23}},"39":{"start":{"line":94,"column":8},"end":{"line":94,"column":42}},"40":{"start":{"line":95,"column":8},"end":{"line":95,"column":40}},"41":{"start":{"line":97,"column":22},"end":{"line":97,"column":39}},"42":{"start":{"line":98,"column":27},"end":{"line":107,"column":9}},"43":{"start":{"line":99,"column":10},"end":{"line":99,"column":24}},"44":{"start":{"line":100,"column":10},"end":{"line":100,"column":60}},"45":{"start":{"line":103,"column":34},"end":{"line":105,"column":48}},"46":{"start":{"line":106,"column":10},"end":{"line":106,"column":50}},"47":{"start":{"line":108,"column":8},"end":{"line":108,"column":55}},"48":{"start":{"line":110,"column":8},"end":{"line":110,"column":22}},"49":{"start":{"line":116,"column":2},"end":{"line":142,"column":58}},"50":{"start":{"line":117,"column":23},"end":{"line":136,"column":5}},"51":{"start":{"line":118,"column":6},"end":{"line":120,"column":7}},"52":{"start":{"line":119,"column":8},"end":{"line":119,"column":15}},"53":{"start":{"line":122,"column":6},"end":{"line":135,"column":7}},"54":{"start":{"line":124,"column":10},"end":{"line":124,"column":44}},"55":{"start":{"line":125,"column":10},"end":{"line":125,"column":16}},"56":{"start":{"line":127,"column":10},"end":{"line":127,"column":44}},"57":{"start":{"line":128,"column":10},"end":{"line":128,"column":16}},"58":{"start":{"line":130,"column":10},"end":{"line":130,"column":43}},"59":{"start":{"line":131,"column":10},"end":{"line":131,"column":16}},"60":{"start":{"line":133,"column":10},"end":{"line":133,"column":40}},"61":{"start":{"line":134,"column":10},"end":{"line":134,"column":16}},"62":{"start":{"line":138,"column":4},"end":{"line":138,"column":53}},"63":{"start":{"line":139,"column":4},"end":{"line":141,"column":6}},"64":{"start":{"line":140,"column":6},"end":{"line":140,"column":58}},"65":{"start":{"line":145,"column":4},"end":{"line":189,"column":10}},"66":{"start":{"line":192,"column":4},"end":{"line":210,"column":10}},"67":{"start":{"line":212,"column":32},"end":{"line":240,"column":null}},"68":{"start":{"line":214,"column":36},"end":{"line":214,"column":40}},"69":{"start":{"line":215,"column":24},"end":{"line":215,"column":32}},"70":{"start":{"line":218,"column":6},"end":{"line":232,"column":9}},"71":{"start":{"line":219,"column":19},"end":{"line":219,"column":49}},"72":{"start":{"line":220,"column":19},"end":{"line":220,"column":49}},"73":{"start":{"line":221,"column":19},"end":{"line":221,"column":49}},"74":{"start":{"line":222,"column":32},"end":{"line":222,"column":59}},"75":{"start":{"line":223,"column":33},"end":{"line":223,"column":54}},"76":{"start":{"line":225,"column":8},"end":{"line":231,"column":9}},"77":{"start":{"line":229,"column":10},"end":{"line":229,"column":40}},"78":{"start":{"line":230,"column":10},"end":{"line":230,"column":27}},"79":{"start":{"line":235,"column":6},"end":{"line":238,"column":7}},"80":{"start":{"line":236,"column":8},"end":{"line":236,"column":37}},"81":{"start":{"line":237,"column":8},"end":{"line":237,"column":34}},"82":{"start":{"line":242,"column":16},"end":{"line":242,"column":61}},"83":{"start":{"line":244,"column":28},"end":{"line":259,"column":null}},"84":{"start":{"line":247,"column":6},"end":{"line":247,"column":33}},"85":{"start":{"line":247,"column":26},"end":{"line":247,"column":33}},"86":{"start":{"line":249,"column":6},"end":{"line":249,"column":50}},"87":{"start":{"line":249,"column":43},"end":{"line":249,"column":50}},"88":{"start":{"line":251,"column":6},"end":{"line":251,"column":46}},"89":{"start":{"line":252,"column":6},"end":{"line":252,"column":47}},"90":{"start":{"line":254,"column":6},"end":{"line":254,"column":26}},"91":{"start":{"line":256,"column":22},"end":{"line":256,"column":31}},"92":{"start":{"line":257,"column":6},"end":{"line":257,"column":30}},"93":{"start":{"line":262,"column":28},"end":{"line":280,"column":null}},"94":{"start":{"line":265,"column":6},"end":{"line":265,"column":33}},"95":{"start":{"line":265,"column":26},"end":{"line":265,"column":33}},"96":{"start":{"line":267,"column":6},"end":{"line":278,"column":7}},"97":{"start":{"line":268,"column":24},"end":{"line":268,"column":33}},"98":{"start":{"line":269,"column":22},"end":{"line":269,"column":64}},"99":{"start":{"line":271,"column":28},"end":{"line":271,"column":63}},"100":{"start":{"line":272,"column":8},"end":{"line":276,"column":9}},"101":{"start":{"line":273,"column":10},"end":{"line":273,"column":45}},"102":{"start":{"line":274,"column":10},"end":{"line":274,"column":47}},"103":{"start":{"line":275,"column":10},"end":{"line":275,"column":44}},"104":{"start":{"line":277,"column":8},"end":{"line":277,"column":32}},"105":{"start":{"line":283,"column":26},"end":{"line":295,"column":null}},"106":{"start":{"line":286,"column":6},"end":{"line":286,"column":33}},"107":{"start":{"line":286,"column":26},"end":{"line":286,"column":33}},"108":{"start":{"line":288,"column":6},"end":{"line":288,"column":50}},"109":{"start":{"line":288,"column":43},"end":{"line":288,"column":50}},"110":{"start":{"line":290,"column":6},"end":{"line":290,"column":49}},"111":{"start":{"line":291,"column":6},"end":{"line":291,"column":42}},"112":{"start":{"line":293,"column":6},"end":{"line":293,"column":27}},"113":{"start":{"line":298,"column":19},"end":{"line":301,"column":4}},"114":{"start":{"line":303,"column":24},"end":{"line":313,"column":null}},"115":{"start":{"line":306,"column":6},"end":{"line":306,"column":31}},"116":{"start":{"line":306,"column":24},"end":{"line":306,"column":31}},"117":{"start":{"line":308,"column":6},"end":{"line":311,"column":7}},"118":{"start":{"line":309,"column":8},"end":{"line":309,"column":45}},"119":{"start":{"line":309,"column":25},"end":{"line":309,"column":45}},"120":{"start":{"line":310,"column":8},"end":{"line":310,"column":39}},"121":{"start":{"line":316,"column":22},"end":{"line":325,"column":null}},"122":{"start":{"line":318,"column":6},"end":{"line":323,"column":7}},"123":{"start":{"line":319,"column":8},"end":{"line":319,"column":40}},"124":{"start":{"line":320,"column":8},"end":{"line":322,"column":9}},"125":{"start":{"line":321,"column":10},"end":{"line":321,"column":31}},"126":{"start":{"line":329,"column":33},"end":{"line":350,"column":null}},"127":{"start":{"line":332,"column":6},"end":{"line":332,"column":30}},"128":{"start":{"line":332,"column":23},"end":{"line":332,"column":30}},"129":{"start":{"line":334,"column":6},"end":{"line":348,"column":7}},"130":{"start":{"line":335,"column":8},"end":{"line":335,"column":45}},"131":{"start":{"line":335,"column":25},"end":{"line":335,"column":45}},"132":{"start":{"line":336,"column":28},"end":{"line":336,"column":56}},"133":{"start":{"line":337,"column":8},"end":{"line":340,"column":9}},"134":{"start":{"line":338,"column":10},"end":{"line":338,"column":45}},"135":{"start":{"line":339,"column":10},"end":{"line":339,"column":40}},"136":{"start":{"line":341,"column":13},"end":{"line":348,"column":7}},"137":{"start":{"line":342,"column":8},"end":{"line":342,"column":45}},"138":{"start":{"line":342,"column":25},"end":{"line":342,"column":45}},"139":{"start":{"line":343,"column":28},"end":{"line":343,"column":56}},"140":{"start":{"line":344,"column":8},"end":{"line":347,"column":9}},"141":{"start":{"line":345,"column":10},"end":{"line":345,"column":45}},"142":{"start":{"line":346,"column":10},"end":{"line":346,"column":39}},"143":{"start":{"line":353,"column":2},"end":{"line":430,"column":5}},"144":{"start":{"line":355,"column":4},"end":{"line":361,"column":5}},"145":{"start":{"line":356,"column":26},"end":{"line":356,"column":54}},"146":{"start":{"line":357,"column":6},"end":{"line":360,"column":7}},"147":{"start":{"line":358,"column":8},"end":{"line":358,"column":43}},"148":{"start":{"line":359,"column":8},"end":{"line":359,"column":38}},"149":{"start":{"line":362,"column":4},"end":{"line":368,"column":5}},"150":{"start":{"line":363,"column":26},"end":{"line":363,"column":54}},"151":{"start":{"line":364,"column":6},"end":{"line":367,"column":7}},"152":{"start":{"line":365,"column":8},"end":{"line":365,"column":43}},"153":{"start":{"line":366,"column":8},"end":{"line":366,"column":37}},"154":{"start":{"line":370,"column":4},"end":{"line":382,"column":5}},"155":{"start":{"line":371,"column":6},"end":{"line":371,"column":67}},"156":{"start":{"line":373,"column":6},"end":{"line":375,"column":7}},"157":{"start":{"line":374,"column":8},"end":{"line":374,"column":34}},"158":{"start":{"line":378,"column":8},"end":{"line":378,"column":65}},"159":{"start":{"line":379,"column":6},"end":{"line":381,"column":7}},"160":{"start":{"line":380,"column":8},"end":{"line":380,"column":43}},"161":{"start":{"line":385,"column":18},"end":{"line":385,"column":54}},"162":{"start":{"line":386,"column":4},"end":{"line":386,"column":39}},"163":{"start":{"line":387,"column":4},"end":{"line":387,"column":33}},"164":{"start":{"line":390,"column":18},"end":{"line":390,"column":58}},"165":{"start":{"line":391,"column":22},"end":{"line":391,"column":43}},"166":{"start":{"line":394,"column":22},"end":{"line":396,"column":18}},"167":{"start":{"line":398,"column":4},"end":{"line":429,"column":5}},"168":{"start":{"line":400,"column":25},"end":{"line":400,"column":64}},"169":{"start":{"line":403,"column":25},"end":{"line":403,"column":76}},"170":{"start":{"line":406,"column":26},"end":{"line":406,"column":45}},"171":{"start":{"line":407,"column":20},"end":{"line":409,"column":20}},"172":{"start":{"line":410,"column":20},"end":{"line":412,"column":20}},"173":{"start":{"line":414,"column":6},"end":{"line":414,"column":54}},"174":{"start":{"line":417,"column":31},"end":{"line":418,"column":null}},"175":{"start":{"line":422,"column":6},"end":{"line":422,"column":54}},"176":{"start":{"line":425,"column":6},"end":{"line":428,"column":8}},"177":{"start":{"line":432,"column":2},"end":{"line":444,"column":9}},"178":{"start":{"line":434,"column":4},"end":{"line":443,"column":5}},"179":{"start":{"line":435,"column":6},"end":{"line":442,"column":9}},"180":{"start":{"line":436,"column":8},"end":{"line":441,"column":9}},"181":{"start":{"line":437,"column":23},"end":{"line":437,"column":42}},"182":{"start":{"line":438,"column":10},"end":{"line":438,"column":34}},"183":{"start":{"line":440,"column":10},"end":{"line":440,"column":63}},"184":{"start":{"line":446,"column":2},"end":{"line":471,"column":5}},"185":{"start":{"line":447,"column":19},"end":{"line":447,"column":32}},"186":{"start":{"line":448,"column":4},"end":{"line":448,"column":62}},"187":{"start":{"line":449,"column":4},"end":{"line":449,"column":58}},"188":{"start":{"line":450,"column":4},"end":{"line":450,"column":62}},"189":{"start":{"line":451,"column":4},"end":{"line":451,"column":56}},"190":{"start":{"line":452,"column":4},"end":{"line":452,"column":65}},"191":{"start":{"line":453,"column":4},"end":{"line":453,"column":52}},"192":{"start":{"line":455,"column":4},"end":{"line":462,"column":6}},"193":{"start":{"line":456,"column":6},"end":{"line":456,"column":67}},"194":{"start":{"line":457,"column":6},"end":{"line":457,"column":63}},"195":{"start":{"line":458,"column":6},"end":{"line":458,"column":67}},"196":{"start":{"line":459,"column":6},"end":{"line":459,"column":57}},"197":{"start":{"line":460,"column":6},"end":{"line":460,"column":61}},"198":{"start":{"line":461,"column":6},"end":{"line":461,"column":70}},"199":{"start":{"line":473,"column":2},"end":{"line":491,"column":45}},"200":{"start":{"line":474,"column":4},"end":{"line":490,"column":5}},"201":{"start":{"line":476,"column":23},"end":{"line":476,"column":65}},"202":{"start":{"line":477,"column":6},"end":{"line":482,"column":7}},"203":{"start":{"line":478,"column":30},"end":{"line":480,"column":46}},"204":{"start":{"line":481,"column":8},"end":{"line":481,"column":46}},"205":{"start":{"line":485,"column":6},"end":{"line":489,"column":9}},"206":{"start":{"line":486,"column":8},"end":{"line":488,"column":9}},"207":{"start":{"line":487,"column":10},"end":{"line":487,"column":24}},"208":{"start":{"line":493,"column":2},"end":{"line":506,"column":28}},"209":{"start":{"line":494,"column":4},"end":{"line":505,"column":5}},"210":{"start":{"line":495,"column":21},"end":{"line":495,"column":58}},"211":{"start":{"line":496,"column":6},"end":{"line":496,"column":38}},"212":{"start":{"line":497,"column":6},"end":{"line":497,"column":35}},"213":{"start":{"line":498,"column":6},"end":{"line":498,"column":20}},"214":{"start":{"line":500,"column":6},"end":{"line":502,"column":7}},"215":{"start":{"line":501,"column":8},"end":{"line":501,"column":60}},"216":{"start":{"line":504,"column":6},"end":{"line":504,"column":52}},"217":{"start":{"line":508,"column":2},"end":{"line":520,"column":18}},"218":{"start":{"line":509,"column":4},"end":{"line":519,"column":5}},"219":{"start":{"line":510,"column":6},"end":{"line":518,"column":9}},"220":{"start":{"line":511,"column":20},"end":{"line":511,"column":35}},"221":{"start":{"line":512,"column":8},"end":{"line":517,"column":9}},"222":{"start":{"line":513,"column":10},"end":{"line":513,"column":30}},"223":{"start":{"line":514,"column":10},"end":{"line":514,"column":30}},"224":{"start":{"line":515,"column":10},"end":{"line":515,"column":30}},"225":{"start":{"line":516,"column":10},"end":{"line":516,"column":32}},"226":{"start":{"line":522,"column":2},"end":{"line":533,"column":45}},"227":{"start":{"line":523,"column":21},"end":{"line":523,"column":63}},"228":{"start":{"line":524,"column":4},"end":{"line":524,"column":45}},"229":{"start":{"line":524,"column":38},"end":{"line":524,"column":45}},"230":{"start":{"line":527,"column":4},"end":{"line":532,"column":5}},"231":{"start":{"line":527,"column":49},"end":{"line":527,"column":68}},"232":{"start":{"line":528,"column":30},"end":{"line":530,"column":44}},"233":{"start":{"line":531,"column":6},"end":{"line":531,"column":46}},"234":{"start":{"line":535,"column":2},"end":{"line":869,"column":4}},"235":{"start":{"line":872,"column":0},"end":{"line":872,"column":20}},"236":{"start":{"line":874,"column":0},"end":{"line":874,"column":27}}},"fnMap":{"0":{"name":"(anonymous_0)","decl":{"start":{"line":30,"column":13},"end":{"line":30,"column":14}},"loc":{"start":{"line":36,"column":16},"end":{"line":870,"column":1}}},"1":{"name":"(anonymous_1)","decl":{"start":{"line":47,"column":27},"end":{"line":47,"column":28}},"loc":{"start":{"line":47,"column":65},"end":{"line":60,"column":3}}},"2":{"name":"(anonymous_2)","decl":{"start":{"line":48,"column":26},"end":{"line":48,"column":27}},"loc":{"start":{"line":48,"column":35},"end":{"line":59,"column":5}}},"3":{"name":"(anonymous_3)","decl":{"start":{"line":49,"column":48},"end":{"line":49,"column":49}},"loc":{"start":{"line":49,"column":58},"end":{"line":51,"column":7}}},"4":{"name":"(anonymous_4)","decl":{"start":{"line":83,"column":4},"end":{"line":83,"column":5}},"loc":{"start":{"line":83,"column":30},"end":{"line":112,"column":5}}},"5":{"name":"(anonymous_5)","decl":{"start":{"line":86,"column":37},"end":{"line":86,"column":38}},"loc":{"start":{"line":86,"column":49},"end":{"line":86,"column":63}}},"6":{"name":"(anonymous_6)","decl":{"start":{"line":98,"column":27},"end":{"line":98,"column":30}},"loc":{"start":{"line":98,"column":32},"end":{"line":107,"column":9}}},"7":{"name":"(anonymous_7)","decl":{"start":{"line":116,"column":12},"end":{"line":116,"column":15}},"loc":{"start":{"line":116,"column":17},"end":{"line":142,"column":3}}},"8":{"name":"(anonymous_8)","decl":{"start":{"line":117,"column":23},"end":{"line":117,"column":24}},"loc":{"start":{"line":117,"column":44},"end":{"line":136,"column":5}}},"9":{"name":"(anonymous_9)","decl":{"start":{"line":139,"column":11},"end":{"line":139,"column":14}},"loc":{"start":{"line":139,"column":16},"end":{"line":141,"column":5}}},"10":{"name":"(anonymous_10)","decl":{"start":{"line":213,"column":4},"end":{"line":213,"column":5}},"loc":{"start":{"line":213,"column":39},"end":{"line":239,"column":5}}},"11":{"name":"(anonymous_11)","decl":{"start":{"line":218,"column":30},"end":{"line":218,"column":31}},"loc":{"start":{"line":218,"column":65},"end":{"line":232,"column":7}}},"12":{"name":"(anonymous_12)","decl":{"start":{"line":245,"column":4},"end":{"line":245,"column":5}},"loc":{"start":{"line":245,"column":37},"end":{"line":258,"column":5}}},"13":{"name":"(anonymous_13)","decl":{"start":{"line":263,"column":4},"end":{"line":263,"column":5}},"loc":{"start":{"line":263,"column":37},"end":{"line":279,"column":5}}},"14":{"name":"(anonymous_14)","decl":{"start":{"line":284,"column":4},"end":{"line":284,"column":5}},"loc":{"start":{"line":284,"column":37},"end":{"line":294,"column":5}}},"15":{"name":"(anonymous_15)","decl":{"start":{"line":304,"column":4},"end":{"line":304,"column":5}},"loc":{"start":{"line":304,"column":25},"end":{"line":312,"column":5}}},"16":{"name":"(anonymous_16)","decl":{"start":{"line":317,"column":4},"end":{"line":317,"column":5}},"loc":{"start":{"line":317,"column":25},"end":{"line":324,"column":5}}},"17":{"name":"(anonymous_17)","decl":{"start":{"line":330,"column":4},"end":{"line":330,"column":5}},"loc":{"start":{"line":330,"column":25},"end":{"line":349,"column":5}}},"18":{"name":"(anonymous_18)","decl":{"start":{"line":353,"column":11},"end":{"line":353,"column":12}},"loc":{"start":{"line":353,"column":24},"end":{"line":430,"column":3}}},"19":{"name":"(anonymous_19)","decl":{"start":{"line":432,"column":12},"end":{"line":432,"column":15}},"loc":{"start":{"line":432,"column":17},"end":{"line":444,"column":3}}},"20":{"name":"(anonymous_20)","decl":{"start":{"line":435,"column":30},"end":{"line":435,"column":31}},"loc":{"start":{"line":435,"column":56},"end":{"line":442,"column":7}}},"21":{"name":"(anonymous_21)","decl":{"start":{"line":446,"column":12},"end":{"line":446,"column":15}},"loc":{"start":{"line":446,"column":17},"end":{"line":463,"column":3}}},"22":{"name":"(anonymous_22)","decl":{"start":{"line":455,"column":11},"end":{"line":455,"column":14}},"loc":{"start":{"line":455,"column":16},"end":{"line":462,"column":5}}},"23":{"name":"(anonymous_23)","decl":{"start":{"line":473,"column":12},"end":{"line":473,"column":15}},"loc":{"start":{"line":473,"column":17},"end":{"line":491,"column":3}}},"24":{"name":"(anonymous_24)","decl":{"start":{"line":485,"column":37},"end":{"line":485,"column":38}},"loc":{"start":{"line":485,"column":48},"end":{"line":489,"column":7}}},"25":{"name":"(anonymous_25)","decl":{"start":{"line":493,"column":12},"end":{"line":493,"column":15}},"loc":{"start":{"line":493,"column":17},"end":{"line":506,"column":3}}},"26":{"name":"(anonymous_26)","decl":{"start":{"line":508,"column":12},"end":{"line":508,"column":15}},"loc":{"start":{"line":508,"column":17},"end":{"line":520,"column":3}}},"27":{"name":"(anonymous_27)","decl":{"start":{"line":510,"column":39},"end":{"line":510,"column":40}},"loc":{"start":{"line":510,"column":52},"end":{"line":518,"column":7}}},"28":{"name":"(anonymous_28)","decl":{"start":{"line":522,"column":12},"end":{"line":522,"column":15}},"loc":{"start":{"line":522,"column":17},"end":{"line":533,"column":3}}},"29":{"name":"(anonymous_29)","decl":{"start":{"line":527,"column":37},"end":{"line":527,"column":38}},"loc":{"start":{"line":527,"column":49},"end":{"line":527,"column":68}}}},"branchMap":{"0":{"loc":{"start":{"line":84,"column":6},"end":{"line":84,"column":42}},"type":"if","locations":[{"start":{"line":84,"column":6},"end":{"line":84,"column":42}}]},"1":{"loc":{"start":{"line":89,"column":6},"end":{"line":111,"column":7}},"type":"if","locations":[{"start":{"line":89,"column":6},"end":{"line":111,"column":7}}]},"2":{"loc":{"start":{"line":103,"column":34},"end":{"line":105,"column":48}},"type":"cond-expr","locations":[{"start":{"line":104,"column":14},"end":{"line":104,"column":45}},{"start":{"line":105,"column":14},"end":{"line":105,"column":48}}]},"3":{"loc":{"start":{"line":118,"column":6},"end":{"line":120,"column":7}},"type":"if","locations":[{"start":{"line":118,"column":6},"end":{"line":120,"column":7}}]},"4":{"loc":{"start":{"line":118,"column":10},"end":{"line":118,"column":51}},"type":"binary-expr","locations":[{"start":{"line":118,"column":10},"end":{"line":118,"column":18}},{"start":{"line":118,"column":22},"end":{"line":118,"column":32}},{"start":{"line":118,"column":36},"end":{"line":118,"column":51}}]},"5":{"loc":{"start":{"line":122,"column":6},"end":{"line":135,"column":7}},"type":"switch","locations":[{"start":{"line":123,"column":8},"end":{"line":125,"column":16}},{"start":{"line":126,"column":8},"end":{"line":128,"column":16}},{"start":{"line":129,"column":8},"end":{"line":131,"column":16}},{"start":{"line":132,"column":8},"end":{"line":134,"column":16}}]},"6":{"loc":{"start":{"line":145,"column":4},"end":{"line":189,"column":10}},"type":"cond-expr","locations":[{"start":{"line":146,"column":8},"end":{"line":167,"column":null}},{"start":{"line":168,"column":8},"end":{"line":189,"column":10}}]},"7":{"loc":{"start":{"line":192,"column":4},"end":{"line":210,"column":10}},"type":"cond-expr","locations":[{"start":{"line":193,"column":8},"end":{"line":201,"column":null}},{"start":{"line":202,"column":8},"end":{"line":210,"column":10}}]},"8":{"loc":{"start":{"line":225,"column":8},"end":{"line":231,"column":9}},"type":"if","locations":[{"start":{"line":225,"column":8},"end":{"line":231,"column":9}}]},"9":{"loc":{"start":{"line":226,"column":10},"end":{"line":227,"column":39}},"type":"binary-expr","locations":[{"start":{"line":226,"column":10},"end":{"line":226,"column":44}},{"start":{"line":227,"column":10},"end":{"line":227,"column":39}}]},"10":{"loc":{"start":{"line":235,"column":6},"end":{"line":238,"column":7}},"type":"if","locations":[{"start":{"line":235,"column":6},"end":{"line":238,"column":7}}]},"11":{"loc":{"start":{"line":235,"column":10},"end":{"line":235,"column":61}},"type":"binary-expr","locations":[{"start":{"line":235,"column":10},"end":{"line":235,"column":27}},{"start":{"line":235,"column":31},"end":{"line":235,"column":61}}]},"12":{"loc":{"start":{"line":247,"column":6},"end":{"line":247,"column":33}},"type":"if","locations":[{"start":{"line":247,"column":6},"end":{"line":247,"column":33}}]},"13":{"loc":{"start":{"line":249,"column":6},"end":{"line":249,"column":50}},"type":"if","locations":[{"start":{"line":249,"column":6},"end":{"line":249,"column":50}}]},"14":{"loc":{"start":{"line":249,"column":10},"end":{"line":249,"column":41}},"type":"binary-expr","locations":[{"start":{"line":249,"column":10},"end":{"line":249,"column":23}},{"start":{"line":249,"column":27},"end":{"line":249,"column":41}}]},"15":{"loc":{"start":{"line":265,"column":6},"end":{"line":265,"column":33}},"type":"if","locations":[{"start":{"line":265,"column":6},"end":{"line":265,"column":33}}]},"16":{"loc":{"start":{"line":267,"column":6},"end":{"line":278,"column":7}},"type":"if","locations":[{"start":{"line":267,"column":6},"end":{"line":278,"column":7}}]},"17":{"loc":{"start":{"line":272,"column":8},"end":{"line":276,"column":9}},"type":"if","locations":[{"start":{"line":272,"column":8},"end":{"line":276,"column":9}}]},"18":{"loc":{"start":{"line":272,"column":12},"end":{"line":272,"column":48}},"type":"binary-expr","locations":[{"start":{"line":272,"column":12},"end":{"line":272,"column":28}},{"start":{"line":272,"column":32},"end":{"line":272,"column":48}}]},"19":{"loc":{"start":{"line":286,"column":6},"end":{"line":286,"column":33}},"type":"if","locations":[{"start":{"line":286,"column":6},"end":{"line":286,"column":33}}]},"20":{"loc":{"start":{"line":288,"column":6},"end":{"line":288,"column":50}},"type":"if","locations":[{"start":{"line":288,"column":6},"end":{"line":288,"column":50}}]},"21":{"loc":{"start":{"line":288,"column":10},"end":{"line":288,"column":41}},"type":"binary-expr","locations":[{"start":{"line":288,"column":10},"end":{"line":288,"column":23}},{"start":{"line":288,"column":27},"end":{"line":288,"column":41}}]},"22":{"loc":{"start":{"line":306,"column":6},"end":{"line":306,"column":31}},"type":"if","locations":[{"start":{"line":306,"column":6},"end":{"line":306,"column":31}}]},"23":{"loc":{"start":{"line":308,"column":6},"end":{"line":311,"column":7}},"type":"if","locations":[{"start":{"line":308,"column":6},"end":{"line":311,"column":7}}]},"24":{"loc":{"start":{"line":308,"column":10},"end":{"line":308,"column":57}},"type":"binary-expr","locations":[{"start":{"line":308,"column":10},"end":{"line":308,"column":31}},{"start":{"line":308,"column":35},"end":{"line":308,"column":57}}]},"25":{"loc":{"start":{"line":309,"column":8},"end":{"line":309,"column":45}},"type":"if","locations":[{"start":{"line":309,"column":8},"end":{"line":309,"column":45}}]},"26":{"loc":{"start":{"line":318,"column":6},"end":{"line":323,"column":7}},"type":"if","locations":[{"start":{"line":318,"column":6},"end":{"line":323,"column":7}}]},"27":{"loc":{"start":{"line":318,"column":10},"end":{"line":318,"column":57}},"type":"binary-expr","locations":[{"start":{"line":318,"column":10},"end":{"line":318,"column":31}},{"start":{"line":318,"column":35},"end":{"line":318,"column":57}}]},"28":{"loc":{"start":{"line":320,"column":8},"end":{"line":322,"column":9}},"type":"if","locations":[{"start":{"line":320,"column":8},"end":{"line":322,"column":9}}]},"29":{"loc":{"start":{"line":320,"column":12},"end":{"line":320,"column":71}},"type":"binary-expr","locations":[{"start":{"line":320,"column":12},"end":{"line":320,"column":39}},{"start":{"line":320,"column":43},"end":{"line":320,"column":71}}]},"30":{"loc":{"start":{"line":332,"column":6},"end":{"line":332,"column":30}},"type":"if","locations":[{"start":{"line":332,"column":6},"end":{"line":332,"column":30}}]},"31":{"loc":{"start":{"line":334,"column":6},"end":{"line":348,"column":7}},"type":"if","locations":[{"start":{"line":334,"column":6},"end":{"line":348,"column":7}},{"start":{"line":341,"column":13},"end":{"line":348,"column":7}}]},"32":{"loc":{"start":{"line":335,"column":8},"end":{"line":335,"column":45}},"type":"if","locations":[{"start":{"line":335,"column":8},"end":{"line":335,"column":45}}]},"33":{"loc":{"start":{"line":337,"column":8},"end":{"line":340,"column":9}},"type":"if","locations":[{"start":{"line":337,"column":8},"end":{"line":340,"column":9}}]},"34":{"loc":{"start":{"line":341,"column":13},"end":{"line":348,"column":7}},"type":"if","locations":[{"start":{"line":341,"column":13},"end":{"line":348,"column":7}}]},"35":{"loc":{"start":{"line":342,"column":8},"end":{"line":342,"column":45}},"type":"if","locations":[{"start":{"line":342,"column":8},"end":{"line":342,"column":45}}]},"36":{"loc":{"start":{"line":344,"column":8},"end":{"line":347,"column":9}},"type":"if","locations":[{"start":{"line":344,"column":8},"end":{"line":347,"column":9}}]},"37":{"loc":{"start":{"line":355,"column":4},"end":{"line":361,"column":5}},"type":"if","locations":[{"start":{"line":355,"column":4},"end":{"line":361,"column":5}}]},"38":{"loc":{"start":{"line":357,"column":6},"end":{"line":360,"column":7}},"type":"if","locations":[{"start":{"line":357,"column":6},"end":{"line":360,"column":7}}]},"39":{"loc":{"start":{"line":362,"column":4},"end":{"line":368,"column":5}},"type":"if","locations":[{"start":{"line":362,"column":4},"end":{"line":368,"column":5}}]},"40":{"loc":{"start":{"line":364,"column":6},"end":{"line":367,"column":7}},"type":"if","locations":[{"start":{"line":364,"column":6},"end":{"line":367,"column":7}}]},"41":{"loc":{"start":{"line":370,"column":4},"end":{"line":382,"column":5}},"type":"if","locations":[{"start":{"line":370,"column":4},"end":{"line":382,"column":5}}]},"42":{"loc":{"start":{"line":373,"column":6},"end":{"line":375,"column":7}},"type":"if","locations":[{"start":{"line":373,"column":6},"end":{"line":375,"column":7}}]},"43":{"loc":{"start":{"line":379,"column":6},"end":{"line":381,"column":7}},"type":"if","locations":[{"start":{"line":379,"column":6},"end":{"line":381,"column":7}}]},"44":{"loc":{"start":{"line":379,"column":10},"end":{"line":379,"column":46}},"type":"binary-expr","locations":[{"start":{"line":379,"column":10},"end":{"line":379,"column":26}},{"start":{"line":379,"column":30},"end":{"line":379,"column":46}}]},"45":{"loc":{"start":{"line":398,"column":4},"end":{"line":429,"column":5}},"type":"if","locations":[{"start":{"line":398,"column":4},"end":{"line":429,"column":5}}]},"46":{"loc":{"start":{"line":427,"column":8},"end":{"line":427,"column":43}},"type":"cond-expr","locations":[{"start":{"line":427,"column":32},"end":{"line":427,"column":33}},{"start":{"line":427,"column":36},"end":{"line":427,"column":43}}]},"47":{"loc":{"start":{"line":434,"column":4},"end":{"line":443,"column":5}},"type":"if","locations":[{"start":{"line":434,"column":4},"end":{"line":443,"column":5}}]},"48":{"loc":{"start":{"line":436,"column":8},"end":{"line":441,"column":9}},"type":"if","locations":[{"start":{"line":436,"column":8},"end":{"line":441,"column":9}}]},"49":{"loc":{"start":{"line":474,"column":4},"end":{"line":490,"column":5}},"type":"if","locations":[{"start":{"line":474,"column":4},"end":{"line":490,"column":5}}]},"50":{"loc":{"start":{"line":477,"column":6},"end":{"line":482,"column":7}},"type":"if","locations":[{"start":{"line":477,"column":6},"end":{"line":482,"column":7}}]},"51":{"loc":{"start":{"line":478,"column":30},"end":{"line":480,"column":46}},"type":"cond-expr","locations":[{"start":{"line":479,"column":12},"end":{"line":479,"column":43}},{"start":{"line":480,"column":12},"end":{"line":480,"column":46}}]},"52":{"loc":{"start":{"line":486,"column":8},"end":{"line":488,"column":9}},"type":"if","locations":[{"start":{"line":486,"column":8},"end":{"line":488,"column":9}}]},"53":{"loc":{"start":{"line":494,"column":4},"end":{"line":505,"column":5}},"type":"if","locations":[{"start":{"line":494,"column":4},"end":{"line":505,"column":5}},{"start":{"line":503,"column":11},"end":{"line":505,"column":5}}]},"54":{"loc":{"start":{"line":494,"column":8},"end":{"line":494,"column":59}},"type":"binary-expr","locations":[{"start":{"line":494,"column":8},"end":{"line":494,"column":45}},{"start":{"line":494,"column":49},"end":{"line":494,"column":59}}]},"55":{"loc":{"start":{"line":500,"column":6},"end":{"line":502,"column":7}},"type":"if","locations":[{"start":{"line":500,"column":6},"end":{"line":502,"column":7}}]},"56":{"loc":{"start":{"line":509,"column":4},"end":{"line":519,"column":5}},"type":"if","locations":[{"start":{"line":509,"column":4},"end":{"line":519,"column":5}}]},"57":{"loc":{"start":{"line":512,"column":8},"end":{"line":517,"column":9}},"type":"if","locations":[{"start":{"line":512,"column":8},"end":{"line":517,"column":9}}]},"58":{"loc":{"start":{"line":524,"column":4},"end":{"line":524,"column":45}},"type":"if","locations":[{"start":{"line":524,"column":4},"end":{"line":524,"column":45}}]},"59":{"loc":{"start":{"line":524,"column":8},"end":{"line":524,"column":36}},"type":"binary-expr","locations":[{"start":{"line":524,"column":8},"end":{"line":524,"column":17}},{"start":{"line":524,"column":21},"end":{"line":524,"column":36}}]},"60":{"loc":{"start":{"line":527,"column":4},"end":{"line":532,"column":5}},"type":"if","locations":[{"start":{"line":527,"column":4},"end":{"line":532,"column":5}}]},"61":{"loc":{"start":{"line":528,"column":30},"end":{"line":530,"column":44}},"type":"cond-expr","locations":[{"start":{"line":529,"column":10},"end":{"line":529,"column":41}},{"start":{"line":530,"column":10},"end":{"line":530,"column":44}}]},"62":{"loc":{"start":{"line":590,"column":20},"end":{"line":590,"column":71}},"type":"cond-expr","locations":[{"start":{"line":590,"column":33},"end":{"line":590,"column":49}},{"start":{"line":590,"column":52},"end":{"line":590,"column":71}}]}},"s":{"0":0,"1":0,"2":0,"3":0,"4":0,"5":0,"6":0,"7":0,"8":0,"9":0,"10":0,"11":0,"12":0,"13":0,"14":0,"15":0,"16":0,"17":0,"18":0,"19":0,"20":0,"21":0,"22":0,"23":0,"24":0,"25":0,"26":0,"27":0,"28":0,"29":0,"30":0,"31":0,"32":0,"33":0,"34":0,"35":0,"36":0,"37":0,"38":0,"39":0,"40":0,"41":0,"42":0,"43":0,"44":0,"45":0,"46":0,"47":0,"48":0,"49":0,"50":0,"51":0,"52":0,"53":0,"54":0,"55":0,"56":0,"57":0,"58":0,"59":0,"60":0,"61":0,"62":0,"63":0,"64":0,"65":0,"66":0,"67":0,"68":0,"69":0,"70":0,"71":0,"72":0,"73":0,"74":0,"75":0,"76":0,"77":0,"78":0,"79":0,"80":0,"81":0,"82":0,"83":0,"84":0,"85":0,"86":0,"87":0,"88":0,"89":0,"90":0,"91":0,"92":0,"93":0,"94":0,"95":0,"96":0,"97":0,"98":0,"99":0,"100":0,"101":0,"102":0,"103":0,"104":0,"105":0,"106":0,"107":0,"108":0,"109":0,"110":0,"111":0,"112":0,"113":0,"114":0,"115":0,"116":0,"117":0,"118":0,"119":0,"120":0,"121":0,"122":0,"123":0,"124":0,"125":0,"126":0,"127":0,"128":0,"129":0,"130":0,"131":0,"132":0,"133":0,"134":0,"135":0,"136":0,"137":0,"138":0,"139":0,"140":0,"141":0,"142":0,"143":0,"144":0,"145":0,"146":0,"147":0,"148":0,"149":0,"150":0,"151":0,"152":0,"153":0,"154":0,"155":0,"156":0,"157":0,"158":0,"159":0,"160":0,"161":0,"162":0,"163":0,"164":0,"165":0,"166":0,"167":0,"168":0,"169":0,"170":0,"171":0,"172":0,"173":0,"174":0,"175":0,"176":0,"177":0,"178":0,"179":0,"180":0,"181":0,"182":0,"183":0,"184":0,"185":0,"186":0,"187":0,"188":0,"189":0,"190":0,"191":0,"192":0,"193":0,"194":0,"195":0,"196":0,"197":0,"198":0,"199":0,"200":0,"201":0,"202":0,"203":0,"204":0,"205":0,"206":0,"207":0,"208":0,"209":0,"210":0,"211":0,"212":0,"213":0,"214":0,"215":0,"216":0,"217":0,"218":0,"219":0,"220":0,"221":0,"222":0,"223":0,"224":0,"225":0,"226":0,"227":0,"228":0,"229":0,"230":0,"231":0,"232":0,"233":0,"234":0,"235":0,"236":0},"f":{"0":0,"1":0,"2":0,"3":0,"4":0,"5":0,"6":0,"7":0,"8":0,"9":0,"10":0,"11":0,"12":0,"13":0,"14":0,"15":0,"16":0,"17":0,"18":0,"19":0,"20":0,"21":0,"22":0,"23":0,"24":0,"25":0,"26":0,"27":0,"28":0,"29":0},"b":{"0":[0],"1":[0],"2":[0,0],"3":[0],"4":[0,0,0],"5":[0,0,0,0],"6":[0,0],"7":[0,0],"8":[0],"9":[0,0],"10":[0],"11":[0,0],"12":[0],"13":[0],"14":[0,0],"15":[0],"16":[0],"17":[0],"18":[0,0],"19":[0],"20":[0],"21":[0,0],"22":[0],"23":[0],"24":[0,0],"25":[0],"26":[0],"27":[0,0],"28":[0],"29":[0,0],"30":[0],"31":[0,0],"32":[0],"33":[0],"34":[0],"35":[0],"36":[0],"37":[0],"38":[0],"39":[0],"40":[0],"41":[0],"42":[0],"43":[0],"44":[0,0],"45":[0],"46":[0,0],"47":[0],"48":[0],"49":[0],"50":[0],"51":[0,0],"52":[0],"53":[0,0],"54":[0,0],"55":[0],"56":[0],"57":[0],"58":[0],"59":[0,0],"60":[0],"61":[0,0],"62":[0,0]}}
,"C:\\Users\\Lenovo\\OneDrive\\Documents\\GitHub\\3D_Viet-Hung-Portfolio\\src\\models\\Dragon.tsx": {"path":"C:\\Users\\Lenovo\\OneDrive\\Documents\\GitHub\\3D_Viet-Hung-Portfolio\\src\\models\\Dragon.tsx","statementMap":{"0":{"start":{"line":11,"column":0},"end":{"line":11,"column":42}},"1":{"start":{"line":12,"column":0},"end":{"line":12,"column":59}},"2":{"start":{"line":15,"column":0},"end":{"line":15,"column":31}},"3":{"start":{"line":16,"column":0},"end":{"line":16,"column":50}},"4":{"start":{"line":17,"column":0},"end":{"line":17,"column":40}},"5":{"start":{"line":18,"column":0},"end":{"line":18,"column":46}},"6":{"start":{"line":27,"column":15},"end":{"line":124,"column":1}},"7":{"start":{"line":28,"column":16},"end":{"line":28,"column":41}},"8":{"start":{"line":29,"column":43},"end":{"line":29,"column":77}},"9":{"start":{"line":30,"column":22},"end":{"line":30,"column":54}},"10":{"start":{"line":32,"column":16},"end":{"line":32,"column":25}},"11":{"start":{"line":34,"column":2},"end":{"line":38,"column":16}},"12":{"start":{"line":35,"column":4},"end":{"line":37,"column":5}},"13":{"start":{"line":36,"column":6},"end":{"line":36,"column":33}},"14":{"start":{"line":40,"column":2},"end":{"line":92,"column":5}},"15":{"start":{"line":42,"column":4},"end":{"line":42,"column":27}},"16":{"start":{"line":45,"column":20},"end":{"line":45,"column":21}},"17":{"start":{"line":46,"column":20},"end":{"line":46,"column":23}},"18":{"start":{"line":47,"column":18},"end":{"line":47,"column":21}},"19":{"start":{"line":48,"column":24},"end":{"line":48,"column":27}},"20":{"start":{"line":49,"column":20},"end":{"line":49,"column":24}},"21":{"start":{"line":52,"column":26},"end":{"line":52,"column":29}},"22":{"start":{"line":53,"column":26},"end":{"line":53,"column":29}},"23":{"start":{"line":56,"column":14},"end":{"line":56,"column":55}},"24":{"start":{"line":57,"column":14},"end":{"line":57,"column":65}},"25":{"start":{"line":60,"column":6},"end":{"line":61,"column":69}},"26":{"start":{"line":64,"column":4},"end":{"line":64,"column":41}},"27":{"start":{"line":67,"column":18},"end":{"line":67,"column":77}},"28":{"start":{"line":69,"column":6},"end":{"line":69,"column":75}},"29":{"start":{"line":71,"column":6},"end":{"line":73,"column":73}},"30":{"start":{"line":76,"column":22},"end":{"line":80,"column":17}},"31":{"start":{"line":83,"column":28},"end":{"line":83,"column":64}},"32":{"start":{"line":84,"column":26},"end":{"line":86,"column":null}},"33":{"start":{"line":90,"column":4},"end":{"line":90,"column":48}},"34":{"start":{"line":91,"column":4},"end":{"line":91,"column":46}},"35":{"start":{"line":94,"column":2},"end":{"line":123,"column":4}},"36":{"start":{"line":126,"column":0},"end":{"line":126,"column":22}},"37":{"start":{"line":128,"column":0},"end":{"line":128,"column":29}}},"fnMap":{"0":{"name":"(anonymous_0)","decl":{"start":{"line":27,"column":15},"end":{"line":27,"column":16}},"loc":{"start":{"line":27,"column":38},"end":{"line":124,"column":1}}},"1":{"name":"(anonymous_1)","decl":{"start":{"line":34,"column":12},"end":{"line":34,"column":15}},"loc":{"start":{"line":34,"column":17},"end":{"line":38,"column":3}}},"2":{"name":"(anonymous_2)","decl":{"start":{"line":40,"column":11},"end":{"line":40,"column":12}},"loc":{"start":{"line":40,"column":24},"end":{"line":92,"column":3}}}},"branchMap":{"0":{"loc":{"start":{"line":35,"column":4},"end":{"line":37,"column":5}},"type":"if","locations":[{"start":{"line":35,"column":4},"end":{"line":37,"column":5}}]}},"s":{"0":0,"1":0,"2":0,"3":0,"4":0,"5":0,"6":0,"7":0,"8":0,"9":0,"10":0,"11":0,"12":0,"13":0,"14":0,"15":0,"16":0,"17":0,"18":0,"19":0,"20":0,"21":0,"22":0,"23":0,"24":0,"25":0,"26":0,"27":0,"28":0,"29":0,"30":0,"31":0,"32":0,"33":0,"34":0,"35":0,"36":0,"37":0},"f":{"0":0,"1":0,"2":0},"b":{"0":[0]}}
,"C:\\Users\\Lenovo\\OneDrive\\Documents\\GitHub\\3D_Viet-Hung-Portfolio\\src\\models\\Flag.tsx": {"path":"C:\\Users\\Lenovo\\OneDrive\\Documents\\GitHub\\3D_Viet-Hung-Portfolio\\src\\models\\Flag.tsx","statementMap":{"0":{"start":{"line":2,"column":0},"end":{"line":2,"column":42}},"1":{"start":{"line":3,"column":0},"end":{"line":3,"column":59}},"2":{"start":{"line":4,"column":0},"end":{"line":4,"column":31}},"3":{"start":{"line":7,"column":0},"end":{"line":7,"column":46}},"4":{"start":{"line":22,"column":13},"end":{"line":141,"column":1}},"5":{"start":{"line":23,"column":16},"end":{"line":23,"column":41}},"6":{"start":{"line":24,"column":43},"end":{"line":24,"column":75}},"7":{"start":{"line":27,"column":26},"end":{"line":42,"column":4}},"8":{"start":{"line":28,"column":19},"end":{"line":39,"column":6}},"9":{"start":{"line":30,"column":6},"end":{"line":37,"column":7}},"10":{"start":{"line":31,"column":25},"end":{"line":31,"column":38}},"11":{"start":{"line":32,"column":8},"end":{"line":35,"column":10}},"12":{"start":{"line":36,"column":8},"end":{"line":36,"column":24}},"13":{"start":{"line":38,"column":6},"end":{"line":38,"column":19}},"14":{"start":{"line":41,"column":4},"end":{"line":41,"column":69}},"15":{"start":{"line":44,"column":22},"end":{"line":44,"column":59}},"16":{"start":{"line":46,"column":2},"end":{"line":88,"column":34}},"17":{"start":{"line":48,"column":4},"end":{"line":70,"column":5}},"18":{"start":{"line":49,"column":6},"end":{"line":69,"column":9}},"19":{"start":{"line":50,"column":20},"end":{"line":50,"column":null}},"20":{"start":{"line":57,"column":8},"end":{"line":62,"column":9}},"21":{"start":{"line":58,"column":10},"end":{"line":58,"column":30}},"22":{"start":{"line":59,"column":10},"end":{"line":59,"column":30}},"23":{"start":{"line":60,"column":10},"end":{"line":60,"column":30}},"24":{"start":{"line":61,"column":10},"end":{"line":61,"column":32}},"25":{"start":{"line":64,"column":8},"end":{"line":68,"column":9}},"26":{"start":{"line":65,"column":10},"end":{"line":65,"column":43}},"27":{"start":{"line":66,"column":10},"end":{"line":66,"column":49}},"28":{"start":{"line":67,"column":10},"end":{"line":67,"column":38}},"29":{"start":{"line":73,"column":4},"end":{"line":75,"column":5}},"30":{"start":{"line":74,"column":6},"end":{"line":74,"column":33}},"31":{"start":{"line":78,"column":4},"end":{"line":87,"column":5}},"32":{"start":{"line":79,"column":6},"end":{"line":86,"column":9}},"33":{"start":{"line":80,"column":8},"end":{"line":85,"column":9}},"34":{"start":{"line":81,"column":10},"end":{"line":81,"column":74}},"35":{"start":{"line":82,"column":10},"end":{"line":82,"column":31}},"36":{"start":{"line":83,"column":15},"end":{"line":85,"column":9}},"37":{"start":{"line":84,"column":10},"end":{"line":84,"column":32}},"38":{"start":{"line":90,"column":2},"end":{"line":140,"column":4}},"39":{"start":{"line":143,"column":0},"end":{"line":143,"column":20}},"40":{"start":{"line":145,"column":0},"end":{"line":145,"column":27}}},"fnMap":{"0":{"name":"(anonymous_0)","decl":{"start":{"line":22,"column":13},"end":{"line":22,"column":14}},"loc":{"start":{"line":22,"column":34},"end":{"line":141,"column":1}}},"1":{"name":"(anonymous_1)","decl":{"start":{"line":27,"column":41},"end":{"line":27,"column":42}},"loc":{"start":{"line":27,"column":50},"end":{"line":42,"column":3}}},"2":{"name":"(anonymous_2)","decl":{"start":{"line":28,"column":35},"end":{"line":28,"column":36}},"loc":{"start":{"line":28,"column":45},"end":{"line":39,"column":5}}},"3":{"name":"(anonymous_3)","decl":{"start":{"line":46,"column":12},"end":{"line":46,"column":15}},"loc":{"start":{"line":46,"column":17},"end":{"line":88,"column":3}}},"4":{"name":"(anonymous_4)","decl":{"start":{"line":49,"column":39},"end":{"line":49,"column":40}},"loc":{"start":{"line":49,"column":52},"end":{"line":69,"column":7}}},"5":{"name":"(anonymous_5)","decl":{"start":{"line":79,"column":29},"end":{"line":79,"column":30}},"loc":{"start":{"line":79,"column":39},"end":{"line":86,"column":7}}}},"branchMap":{"0":{"loc":{"start":{"line":30,"column":6},"end":{"line":37,"column":7}},"type":"if","locations":[{"start":{"line":30,"column":6},"end":{"line":37,"column":7}}]},"1":{"loc":{"start":{"line":48,"column":4},"end":{"line":70,"column":5}},"type":"if","locations":[{"start":{"line":48,"column":4},"end":{"line":70,"column":5}}]},"2":{"loc":{"start":{"line":57,"column":8},"end":{"line":62,"column":9}},"type":"if","locations":[{"start":{"line":57,"column":8},"end":{"line":62,"column":9}}]},"3":{"loc":{"start":{"line":64,"column":8},"end":{"line":68,"column":9}},"type":"if","locations":[{"start":{"line":64,"column":8},"end":{"line":68,"column":9}}]},"4":{"loc":{"start":{"line":73,"column":4},"end":{"line":75,"column":5}},"type":"if","locations":[{"start":{"line":73,"column":4},"end":{"line":75,"column":5}}]},"5":{"loc":{"start":{"line":78,"column":4},"end":{"line":87,"column":5}},"type":"if","locations":[{"start":{"line":78,"column":4},"end":{"line":87,"column":5}}]},"6":{"loc":{"start":{"line":80,"column":8},"end":{"line":85,"column":9}},"type":"if","locations":[{"start":{"line":80,"column":8},"end":{"line":85,"column":9}},{"start":{"line":83,"column":15},"end":{"line":85,"column":9}}]},"7":{"loc":{"start":{"line":80,"column":12},"end":{"line":80,"column":72}},"type":"binary-expr","locations":[{"start":{"line":80,"column":12},"end":{"line":80,"column":41}},{"start":{"line":80,"column":45},"end":{"line":80,"column":72}}]},"8":{"loc":{"start":{"line":81,"column":40},"end":{"line":81,"column":73}},"type":"binary-expr","locations":[{"start":{"line":81,"column":40},"end":{"line":81,"column":67}},{"start":{"line":81,"column":71},"end":{"line":81,"column":73}}]},"9":{"loc":{"start":{"line":83,"column":15},"end":{"line":85,"column":9}},"type":"if","locations":[{"start":{"line":83,"column":15},"end":{"line":85,"column":9}}]}},"s":{"0":0,"1":0,"2":0,"3":0,"4":0,"5":0,"6":0,"7":0,"8":0,"9":0,"10":0,"11":0,"12":0,"13":0,"14":0,"15":0,"16":0,"17":0,"18":0,"19":0,"20":0,"21":0,"22":0,"23":0,"24":0,"25":0,"26":0,"27":0,"28":0,"29":0,"30":0,"31":0,"32":0,"33":0,"34":0,"35":0,"36":0,"37":0,"38":0,"39":0,"40":0},"f":{"0":0,"1":0,"2":0,"3":0,"4":0,"5":0},"b":{"0":[0],"1":[0],"2":[0],"3":[0],"4":[0],"5":[0],"6":[0,0],"7":[0,0],"8":[0,0],"9":[0]}}
,"C:\\Users\\Lenovo\\OneDrive\\Documents\\GitHub\\3D_Viet-Hung-Portfolio\\src\\models\\Sif.tsx": {"path":"C:\\Users\\Lenovo\\OneDrive\\Documents\\GitHub\\3D_Viet-Hung-Portfolio\\src\\models\\Sif.tsx","statementMap":{"0":{"start":{"line":10,"column":0},"end":{"line":10,"column":51}},"1":{"start":{"line":11,"column":0},"end":{"line":11,"column":59}},"2":{"start":{"line":14,"column":0},"end":{"line":14,"column":44}},"3":{"start":{"line":40,"column":12},"end":{"line":138,"column":1}},"4":{"start":{"line":41,"column":16},"end":{"line":41,"column":35}},"5":{"start":{"line":42,"column":43},"end":{"line":42,"column":74}},"6":{"start":{"line":44,"column":22},"end":{"line":44,"column":54}},"7":{"start":{"line":46,"column":30},"end":{"line":51,"column":9}},"8":{"start":{"line":46,"column":45},"end":{"line":51,"column":4}},"9":{"start":{"line":53,"column":2},"end":{"line":66,"column":55}},"10":{"start":{"line":54,"column":23},"end":{"line":54,"column":60}},"11":{"start":{"line":55,"column":26},"end":{"line":55,"column":45}},"12":{"start":{"line":57,"column":4},"end":{"line":59,"column":5}},"13":{"start":{"line":58,"column":6},"end":{"line":58,"column":47}},"14":{"start":{"line":61,"column":4},"end":{"line":65,"column":6}},"15":{"start":{"line":62,"column":6},"end":{"line":64,"column":7}},"16":{"start":{"line":63,"column":8},"end":{"line":63,"column":35}},"17":{"start":{"line":68,"column":2},"end":{"line":137,"column":4}},"18":{"start":{"line":140,"column":0},"end":{"line":140,"column":19}},"19":{"start":{"line":142,"column":0},"end":{"line":142,"column":26}}},"fnMap":{"0":{"name":"(anonymous_0)","decl":{"start":{"line":40,"column":12},"end":{"line":40,"column":13}},"loc":{"start":{"line":40,"column":57},"end":{"line":138,"column":1}}},"1":{"name":"(anonymous_1)","decl":{"start":{"line":46,"column":38},"end":{"line":46,"column":41}},"loc":{"start":{"line":46,"column":45},"end":{"line":51,"column":4}}},"2":{"name":"(anonymous_2)","decl":{"start":{"line":53,"column":12},"end":{"line":53,"column":15}},"loc":{"start":{"line":53,"column":17},"end":{"line":66,"column":3}}},"3":{"name":"(anonymous_3)","decl":{"start":{"line":61,"column":11},"end":{"line":61,"column":14}},"loc":{"start":{"line":61,"column":16},"end":{"line":65,"column":5}}}},"branchMap":{"0":{"loc":{"start":{"line":57,"column":4},"end":{"line":59,"column":5}},"type":"if","locations":[{"start":{"line":57,"column":4},"end":{"line":59,"column":5}}]},"1":{"loc":{"start":{"line":62,"column":6},"end":{"line":64,"column":7}},"type":"if","locations":[{"start":{"line":62,"column":6},"end":{"line":64,"column":7}}]}},"s":{"0":0,"1":0,"2":0,"3":0,"4":0,"5":0,"6":0,"7":0,"8":0,"9":0,"10":0,"11":0,"12":0,"13":0,"14":0,"15":0,"16":0,"17":0,"18":0,"19":0},"f":{"0":0,"1":0,"2":0,"3":0},"b":{"0":[0],"1":[0]}}
[...]
_12)","decl":{"start":{"line":90,"column":20},"end":{"line":90,"column":23}},"loc":{"start":{"line":90,"column":25},"end":{"line":93,"column":7}}},"13":{"name":"(anonymous_13)","decl":{"start":{"line":112,"column":23},"end":{"line":112,"column":24}},"loc":{"start":{"line":112,"column":51},"end":{"line":120,"column":13}}},"14":{"name":"(anonymous_14)","decl":{"start":{"line":135,"column":32},"end":{"line":135,"column":33}},"loc":{"start":{"line":136,"column":14},"end":{"line":137,"column":null}}},"15":{"name":"(anonymous_15)","decl":{"start":{"line":145,"column":25},"end":{"line":145,"column":28}},"loc":{"start":{"line":145,"column":31},"end":{"line":145,"column":47}}},"16":{"name":"(anonymous_16)","decl":{"start":{"line":164,"column":28},"end":{"line":164,"column":29}},"loc":{"start":{"line":165,"column":12},"end":{"line":166,"column":null}}},"17":{"name":"(anonymous_17)","decl":{"start":{"line":209,"column":17},"end":{"line":209,"column":20}},"loc":{"start":{"line":209,"column":22},"end":{"line":280,"column":1}}},"18":{"name":"(anonymous_18)","decl":{"start":{"line":215,"column":12},"end":{"line":215,"column":15}},"loc":{"start":{"line":215,"column":17},"end":{"line":231,"column":3}}},"19":{"name":"(anonymous_19)","decl":{"start":{"line":216,"column":26},"end":{"line":216,"column":31}},"loc":{"start":{"line":216,"column":37},"end":{"line":228,"column":5}}},"20":{"name":"(anonymous_20)","decl":{"start":{"line":265,"column":26},"end":{"line":265,"column":27}},"loc":{"start":{"line":266,"column":14},"end":{"line":267,"column":null}}}},"branchMap":{"0":{"loc":{"start":{"line":17,"column":7},"end":{"line":17,"column":35}},"type":"cond-expr","locations":[{"start":{"line":17,"column":23},"end":{"line":17,"column":27}},{"start":{"line":17,"column":30},"end":{"line":17,"column":35}}]},"1":{"loc":{"start":{"line":27,"column":7},"end":{"line":27,"column":35}},"type":"cond-expr","locations":[{"start":{"line":27,"column":23},"end":{"line":27,"column":27}},{"start":{"line":27,"column":30},"end":{"line":27,"column":35}}]},"2":{"loc":{"start":{"line":45,"column":6},"end":{"line":52,"column":7}},"type":"if","locations":[{"start":{"line":45,"column":6},"end":{"line":52,"column":7}}]},"3":{"loc":{"start":{"line":45,"column":10},"end":{"line":45,"column":55}},"type":"binary-expr","locations":[{"start":{"line":45,"column":10},"end":{"line":45,"column":26}},{"start":{"line":45,"column":30},"end":{"line":45,"column":55}}]},"4":{"loc":{"start":{"line":60,"column":6},"end":{"line":65,"column":7}},"type":"if","locations":[{"start":{"line":60,"column":6},"end":{"line":65,"column":7}}]},"5":{"loc":{"start":{"line":60,"column":10},"end":{"line":60,"column":57}},"type":"binary-expr","locations":[{"start":{"line":60,"column":10},"end":{"line":60,"column":26}},{"start":{"line":60,"column":30},"end":{"line":60,"column":57}}]},"6":{"loc":{"start":{"line":62,"column":29},"end":{"line":62,"column":63}},"type":"cond-expr","locations":[{"start":{"line":62,"column":57},"end":{"line":62,"column":58}},{"start":{"line":62,"column":61},"end":{"line":62,"column":63}}]},"7":{"loc":{"start":{"line":74,"column":4},"end":{"line":76,"column":5}},"type":"if","locations":[{"start":{"line":74,"column":4},"end":{"line":76,"column":5}}]},"8":{"loc":{"start":{"line":74,"column":8},"end":{"line":74,"column":47}},"type":"binary-expr","locations":[{"start":{"line":74,"column":8},"end":{"line":74,"column":18}},{"start":{"line":74,"column":22},"end":{"line":74,"column":47}}]},"9":{"loc":{"start":{"line":79,"column":6},"end":{"line":81,"column":7}},"type":"if","locations":[{"start":{"line":79,"column":6},"end":{"line":81,"column":7}}]},"10":{"loc":{"start":{"line":115,"column":14},"end":{"line":119,"column":15}},"type":"if","locations":[{"start":{"line":115,"column":14},"end":{"line":119,"column":15}},{"start":{"line":117,"column":21},"end":{"line":119,"column":15}}]},"11":{"loc":{"start":{"line":117,"column":21},"end":{"line":119,"column":15}},"type":"if","locations":[{"start":{"line":117,"column":21},"end":{"line":119,"column":15}}]},"12":{"loc":{"start":{"line":133,"column":9},"end":{"line":150,"column":null}},"type":"binary-expr","locations":[{"start":{"line":133,"column":9},"end":{"line":133,"column":34}},{"start":{"line":134,"column":10},"end":{"line":149,"column":null}}]},"13":{"loc":{"start":{"line":139,"column":18},"end":{"line":141,"column":null}},"type":"cond-expr","locations":[{"start":{"line":140,"column":22},"end":{"line":140,"column":35}},{"start":{"line":141,"column":22},"end":{"line":141,"column":null}}]},"14":{"loc":{"start":{"line":143,"column":18},"end":{"line":143,"column":null}},"type":"cond-expr","locations":[{"start":{"line":143,"column":36},"end":{"line":143,"column":57}},{"start":{"line":143,"column":60},"end":{"line":143,"column":null}}]},"15":{"loc":{"start":{"line":175,"column":11},"end":{"line":187,"column":null}},"type":"cond-expr","locations":[{"start":{"line":176,"column":12},"end":{"line":182,"column":null}},{"start":{"line":185,"column":12},"end":{"line":186,"column":null}}]},"16":{"loc":{"start":{"line":189,"column":11},"end":{"line":201,"column":null}},"type":"cond-expr","locations":[{"start":{"line":190,"column":12},"end":{"line":196,"column":null}},{"start":{"line":199,"column":12},"end":{"line":200,"column":null}}]},"17":{"loc":{"start":{"line":222,"column":10},"end":{"line":222,"column":73}},"type":"cond-expr","locations":[{"start":{"line":222,"column":33},"end":{"line":222,"column":44}},{"start":{"line":222,"column":47},"end":{"line":222,"column":73}}]},"18":{"loc":{"start":{"line":233,"column":2},"end":{"line":239,"column":3}},"type":"if","locations":[{"start":{"line":233,"column":2},"end":{"line":239,"column":3}}]},"19":{"loc":{"start":{"line":241,"column":2},"end":{"line":250,"column":3}},"type":"if","locations":[{"start":{"line":241,"column":2},"end":{"line":250,"column":3}}]},"20":{"loc":{"start":{"line":267,"column":21},"end":{"line":267,"column":40}},"type":"binary-expr","locations":[{"start":{"line":267,"column":21},"end":{"line":267,"column":31}},{"start":{"line":267,"column":35},"end":{"line":267,"column":40}}]}},"s":{"0":0,"1":0,"2":0,"3":0,"4":0,"5":0,"6":0,"7":0,"8":0,"9":0,"10":0,"11":0,"12":0,"13":0,"14":0,"15":0,"16":0,"17":0,"18":0,"19":0,"20":0,"21":0,"22":0,"23":0,"24":0,"25":0,"26":0,"27":0,"28":0,"29":0,"30":0,"31":0,"32":0,"33":0,"34":0,"35":0,"36":0,"37":0,"38":0,"39":0,"40":0,"41":0,"42":0,"43":0,"44":0,"45":0,"46":0,"47":0,"48":0,"49":0,"50":0,"51":0,"52":0,"53":0,"54":0,"55":0,"56":0,"57":0,"58":0,"59":0,"60":0,"61":0,"62":0,"63":0,"64":0,"65":0,"66":0,"67":0,"68":0,"69":0},"f":{"0":0,"1":0,"2":0,"3":0,"4":0,"5":0,"6":0,"7":0,"8":0,"9":0,"10":0,"11":0,"12":0,"13":0,"14":0,"15":0,"16":0,"17":0,"18":0,"19":0,"20":0},"b":{"0":[0,0],"1":[0,0],"2":[0],"3":[0,0],"4":[0],"5":[0,0],"6":[0,0],"7":[0],"8":[0,0],"9":[0],"10":[0,0],"11":[0],"12":[0,0],"13":[0,0],"14":[0,0],"15":[0,0],"16":[0,0],"17":[0,0],"18":[0],"19":[0],"20":[0,0]}}
,"C:\\Users\\Lenovo\\OneDrive\\Documents\\GitHub\\3D_Viet-Hung-Portfolio\\src\\pages\\index.ts": {"path":"C:\\Users\\Lenovo\\OneDrive\\Documents\\GitHub\\3D_Viet-Hung-Portfolio\\src\\pages\\index.ts","statementMap":{"0":{"start":{"line":2,"column":0},"end":{"line":2,"column":7}},"1":{"start":{"line":7,"column":9},"end":{"line":2,"column":26}},"2":{"start":{"line":3,"column":0},"end":{"line":3,"column":7}},"3":{"start":{"line":7,"column":15},"end":{"line":3,"column":28}},"4":{"start":{"line":4,"column":0},"end":{"line":4,"column":7}},"5":{"start":{"line":7,"column":22},"end":{"line":4,"column":32}},"6":{"start":{"line":5,"column":0},"end":{"line":5,"column":7}},"7":{"start":{"line":7,"column":31},"end":{"line":5,"column":34}}},"fnMap":{},"branchMap":{},"s":{"0":0,"1":0,"2":0,"3":0,"4":0,"5":0,"6":0,"7":0},"f":{},"b":{}}
,"C:\\Users\\Lenovo\\OneDrive\\Documents\\GitHub\\3D_Viet-Hung-Portfolio\\src\\redux\\store.ts": {"path":"C:\\Users\\Lenovo\\OneDrive\\Documents\\GitHub\\3D_Viet-Hung-Portfolio\\src\\redux\\store.ts","statementMap":{"0":{"start":{"line":2,"column":0},"end":{"line":2,"column":67}},"1":{"start":{"line":3,"column":0},"end":{"line":3,"column":61}},"2":{"start":{"line":4,"column":0},"end":{"line":4,"column":48}},"3":{"start":{"line":5,"column":0},"end":{"line":5,"column":40}},"4":{"start":{"line":7,"column":22},"end":{"line":11,"column":2}},"5":{"start":{"line":13,"column":20},"end":{"line":15,"column":2}},"6":{"start":{"line":17,"column":25},"end":{"line":17,"column":67}},"7":{"start":{"line":19,"column":14},"end":{"line":27,"column":2}},"8":{"start":{"line":22,"column":4},"end":{"line":26,"column":6}},"9":{"start":{"line":29,"column":13},"end":{"line":29,"column":45}},"10":{"start":{"line":33,"column":0},"end":{"line":33,"column":21}}},"fnMap":{"0":{"name":"(anonymous_0)","decl":{"start":{"line":21,"column":14},"end":{"line":21,"column":15}},"loc":{"start":{"line":22,"column":4},"end":{"line":26,"column":6}}}},"branchMap":{},"s":{"0":0,"1":0,"2":0,"3":0,"4":0,"5":0,"6":0,"7":0,"8":0,"9":0,"10":0},"f":{"0":0},"b":{}}
,"C:\\Users\\Lenovo\\OneDrive\\Documents\\GitHub\\3D_Viet-Hung-Portfolio\\src\\redux\\themeSlice.ts": {"path":"C:\\Users\\Lenovo\\OneDrive\\Documents\\GitHub\\3D_Viet-Hung-Portfolio\\src\\redux\\themeSlice.ts","statementMap":{"0":{"start":{"line":2,"column":0},"end":{"line":2,"column":62}},"1":{"start":{"line":8,"column":33},"end":{"line":10,"column":2}},"2":{"start":{"line":12,"column":19},"end":{"line":25,"column":2}},"3":{"start":{"line":17,"column":6},"end":{"line":17,"column":61}},"4":{"start":{"line":18,"column":6},"end":{"line":18,"column":52}},"5":{"start":{"line":21,"column":6},"end":{"line":21,"column":34}},"6":{"start":{"line":22,"column":6},"end":{"line":22,"column":56}},"7":{"start":{"line":27,"column":13},"end":{"line":27,"column":41}},"8":{"start":{"line":28,"column":0},"end":{"line":28,"column":34}}},"fnMap":{"0":{"name":"(anonymous_0)","decl":{"start":{"line":16,"column":17},"end":{"line":16,"column":18}},"loc":{"start":{"line":16,"column":27},"end":{"line":19,"column":5}}},"1":{"name":"(anonymous_1)","decl":{"start":{"line":20,"column":14},"end":{"line":20,"column":15}},"loc":{"start":{"line":20,"column":65},"end":{"line":23,"column":5}}}},"branchMap":{"0":{"loc":{"start":{"line":9,"column":9},"end":{"line":9,"column":74}},"type":"binary-expr","locations":[{"start":{"line":9,"column":9},"end":{"line":9,"column":63}},{"start":{"line":9,"column":67},"end":{"line":9,"column":74}}]},"1":{"loc":{"start":{"line":17,"column":19},"end":{"line":17,"column":60}},"type":"cond-expr","locations":[{"start":{"line":17,"column":44},"end":{"line":17,"column":50}},{"start":{"line":17,"column":53},"end":{"line":17,"column":60}}]}},"s":{"0":0,"1":0,"2":0,"3":0,"4":0,"5":0,"6":0,"7":0,"8":0},"f":{"0":0,"1":0},"b":{"0":[0,0],"1":[0,0]}}
,"C:\\Users\\Lenovo\\OneDrive\\Documents\\GitHub\\3D_Viet-Hung-Portfolio\\src\\services\\supabaseService.ts": {"path":"C:\\Users\\Lenovo\\OneDrive\\Documents\\GitHub\\3D_Viet-Hung-Portfolio\\src\\services\\supabaseService.ts","statementMap":{"0":{"start":{"line":1,"column":0},"end":{"line":1,"column":49}},"1":{"start":{"line":46,"column":30},"end":{"line":54,"column":1}},"2":{"start":{"line":47,"column":26},"end":{"line":50,"column":40}},"3":{"start":{"line":52,"column":2},"end":{"line":52,"column":25}},"4":{"start":{"line":52,"column":13},"end":{"line":52,"column":25}},"5":{"start":{"line":53,"column":2},"end":{"line":53,"column":14}},"6":{"start":{"line":46,"column":13},"end":{"line":46,"column":30}},"7":{"start":{"line":57,"column":25},"end":{"line":64,"column":1}},"8":{"start":{"line":58,"column":26},"end":{"line":60,"column":16}},"9":{"start":{"line":62,"column":2},"end":{"line":62,"column":25}},"10":{"start":{"line":62,"column":13},"end":{"line":62,"column":25}},"11":{"start":{"line":63,"column":2},"end":{"line":63,"column":14}},"12":{"start":{"line":57,"column":13},"end":{"line":57,"column":25}},"13":{"start":{"line":67,"column":27},"end":{"line":74,"column":1}},"14":{"start":{"line":68,"column":26},"end":{"line":70,"column":16}},"15":{"start":{"line":72,"column":2},"end":{"line":72,"column":25}},"16":{"start":{"line":72,"column":13},"end":{"line":72,"column":25}},"17":{"start":{"line":73,"column":2},"end":{"line":73,"column":14}},"18":{"start":{"line":67,"column":13},"end":{"line":67,"column":27}},"19":{"start":{"line":77,"column":31},"end":{"line":98,"column":1}},"20":{"start":{"line":78,"column":26},"end":{"line":80,"column":16}},"21":{"start":{"line":82,"column":2},"end":{"line":82,"column":25}},"22":{"start":{"line":82,"column":13},"end":{"line":82,"column":25}},"23":{"start":{"line":85,"column":23},"end":{"line":95,"column":8}},"24":{"start":{"line":86,"column":4},"end":{"line":86,"column":29}},"25":{"start":{"line":86,"column":17},"end":{"line":86,"column":29}},"26":{"start":{"line":87,"column":4},"end":{"line":87,"column":29}},"27":{"start":{"line":87,"column":17},"end":{"line":87,"column":29}},"28":{"start":{"line":88,"column":4},"end":{"line":88,"column":29}},"29":{"start":{"line":88,"column":17},"end":{"line":88,"column":29}},"30":{"start":{"line":90,"column":4},"end":{"line":90,"column":31}},"31":{"start":{"line":91,"column":4},"end":{"line":91,"column":31}},"32":{"start":{"line":92,"column":4},"end":{"line":92,"column":31}},"33":{"start":{"line":94,"column":4},"end":{"line":94,"column":15}},"34":{"start":{"line":97,"column":2},"end":{"line":97,"column":22}},"35":{"start":{"line":77,"column":13},"end":{"line":77,"column":31}},"36":{"start":{"line":101,"column":38},"end":{"line":109,"column":1}},"37":{"start":{"line":102,"column":2},"end":{"line":108,"column":3}},"38":{"start":{"line":103,"column":25},"end":{"line":103,"column":48}},"39":{"start":{"line":104,"column":4},"end":{"line":104,"column":24}},"40":{"start":{"line":106,"column":4},"end":{"line":106,"column":56}},"41":{"start":{"line":107,"column":4},"end":{"line":107,"column":16}},"42":{"start":{"line":101,"column":13},"end":{"line":101,"column":38}},"43":{"start":{"line":111,"column":27},"end":{"line":123,"column":1}},"44":{"start":{"line":112,"column":26},"end":{"line":115,"column":40}},"45":{"start":{"line":117,"column":2},"end":{"line":120,"column":3}},"46":{"start":{"line":118,"column":4},"end":{"line":118,"column":54}},"47":{"start":{"line":119,"column":4},"end":{"line":119,"column":35}},"48":{"start":{"line":122,"column":2},"end":{"line":122,"column":20}},"49":{"start":{"line":111,"column":13},"end":{"line":111,"column":27}}},"fnMap":{"0":{"name":"(anonymous_0)","decl":{"start":{"line":46,"column":30},"end":{"line":46,"column":35}},"loc":{"start":{"line":46,"column":41},"end":{"line":54,"column":1}}},"1":{"name":"(anonymous_1)","decl":{"start":{"line":57,"column":25},"end":{"line":57,"column":30}},"loc":{"start":{"line":57,"column":36},"end":{"line":64,"column":1}}},"2":{"name":"(anonymous_2)","decl":{"start":{"line":67,"column":27},"end":{"line":67,"column":32}},"loc":{"start":{"line":67,"column":38},"end":{"line":74,"column":1}}},"3":{"name":"(anonymous_3)","decl":{"start":{"line":77,"column":31},"end":{"line":77,"column":36}},"loc":{"start":{"line":77,"column":42},"end":{"line":98,"column":1}}},"4":{"name":"(anonymous_4)","decl":{"start":{"line":85,"column":35},"end":{"line":85,"column":36}},"loc":{"start":{"line":85,"column":89},"end":{"line":95,"column":3}}},"5":{"name":"(anonymous_5)","decl":{"start":{"line":101,"column":38},"end":{"line":101,"column":43}},"loc":{"start":{"line":101,"column":49},"end":{"line":109,"column":1}}},"6":{"name":"(anonymous_6)","decl":{"start":{"line":111,"column":27},"end":{"line":111,"column":32}},"loc":{"start":{"line":111,"column":59},"end":{"line":123,"column":1}}}},"branchMap":{"0":{"loc":{"start":{"line":52,"column":2},"end":{"line":52,"column":25}},"type":"if","locations":[{"start":{"line":52,"column":2},"end":{"line":52,"column":25}}]},"1":{"loc":{"start":{"line":62,"column":2},"end":{"line":62,"column":25}},"type":"if","locations":[{"start":{"line":62,"column":2},"end":{"line":62,"column":25}}]},"2":{"loc":{"start":{"line":72,"column":2},"end":{"line":72,"column":25}},"type":"if","locations":[{"start":{"line":72,"column":2},"end":{"line":72,"column":25}}]},"3":{"loc":{"start":{"line":82,"column":2},"end":{"line":82,"column":25}},"type":"if","locations":[{"start":{"line":82,"column":2},"end":{"line":82,"column":25}}]},"4":{"loc":{"start":{"line":86,"column":4},"end":{"line":86,"column":29}},"type":"if","locations":[{"start":{"line":86,"column":4},"end":{"line":86,"column":29}}]},"5":{"loc":{"start":{"line":87,"column":4},"end":{"line":87,"column":29}},"type":"if","locations":[{"start":{"line":87,"column":4},"end":{"line":87,"column":29}}]},"6":{"loc":{"start":{"line":88,"column":4},"end":{"line":88,"column":29}},"type":"if","locations":[{"start":{"line":88,"column":4},"end":{"line":88,"column":29}}]},"7":{"loc":{"start":{"line":117,"column":2},"end":{"line":120,"column":3}},"type":"if","locations":[{"start":{"line":117,"column":2},"end":{"line":120,"column":3}}]},"8":{"loc":{"start":{"line":122,"column":9},"end":{"line":122,"column":19}},"type":"binary-expr","locations":[{"start":{"line":122,"column":9},"end":{"line":122,"column":13}},{"start":{"line":122,"column":17},"end":{"line":122,"column":19}}]}},"s":{"0":0,"1":0,"2":0,"3":0,"4":0,"5":0,"6":0,"7":0,"8":0,"9":0,"10":0,"11":0,"12":0,"13":0,"14":0,"15":0,"16":0,"17":0,"18":0,"19":0,"20":0,"21":0,"22":0,"23":0,"24":0,"25":0,"26":0,"27":0,"28":0,"29":0,"30":0,"31":0,"32":0,"33":0,"34":0,"35":0,"36":0,"37":0,"38":0,"39":0,"40":0,"41":0,"42":0,"43":0,"44":0,"45":0,"46":0,"47":0,"48":0,"49":0},"f":{"0":0,"1":0,"2":0,"3":0,"4":0,"5":0,"6":0},"b":{"0":[0],"1":[0],"2":[0],"3":[0],"4":[0],"5":[0],"6":[0],"7":[0],"8":[0,0]}}
,"C:\\Users\\Lenovo\\OneDrive\\Documents\\GitHub\\3D_Viet-Hung-Portfolio\\src\\utils\\motion.ts": {"path":"C:\\Users\\Lenovo\\OneDrive\\Documents\\GitHub\\3D_Viet-Hung-Portfolio\\src\\utils\\motion.ts","statementMap":{"0":{"start":{"line":4,"column":21},"end":{"line":4,"column":64}},"1":{"start":{"line":6,"column":27},"end":{"line":16,"column":2}},"2":{"start":{"line":6,"column":53},"end":{"line":16,"column":2}},"3":{"start":{"line":6,"column":13},"end":{"line":6,"column":27}},"4":{"start":{"line":18,"column":22},"end":{"line":40,"column":2}},"5":{"start":{"line":23,"column":16},"end":{"line":40,"column":2}},"6":{"start":{"line":18,"column":13},"end":{"line":18,"column":22}}},"fnMap":{"0":{"name":"(anonymous_0)","decl":{"start":{"line":6,"column":27},"end":{"line":6,"column":28}},"loc":{"start":{"line":6,"column":53},"end":{"line":16,"column":2}}},"1":{"name":"(anonymous_1)","decl":{"start":{"line":18,"column":22},"end":{"line":18,"column":null}},"loc":{"start":{"line":23,"column":16},"end":{"line":40,"column":2}}}},"branchMap":{"0":{"loc":{"start":{"line":6,"column":28},"end":{"line":6,"column":37}},"type":"default-arg","locations":[{"start":{"line":6,"column":36},"end":{"line":6,"column":37}}]},"1":{"loc":{"start":{"line":25,"column":7},"end":{"line":25,"column":68}},"type":"cond-expr","locations":[{"start":{"line":25,"column":30},"end":{"line":25,"column":33}},{"start":{"line":25,"column":36},"end":{"line":25,"column":68}}]},"2":{"loc":{"start":{"line":25,"column":36},"end":{"line":25,"column":68}},"type":"cond-expr","locations":[{"start":{"line":25,"column":60},"end":{"line":25,"column":64}},{"start":{"line":25,"column":67},"end":{"line":25,"column":68}}]},"3":{"loc":{"start":{"line":26,"column":7},"end":{"line":26,"column":65}},"type":"cond-expr","locations":[{"start":{"line":26,"column":28},"end":{"line":26,"column":31}},{"start":{"line":26,"column":34},"end":{"line":26,"column":65}}]},"4":{"loc":{"start":{"line":26,"column":34},"end":{"line":26,"column":65}},"type":"cond-expr","locations":[{"start":{"line":26,"column":57},"end":{"line":26,"column":61}},{"start":{"line":26,"column":64},"end":{"line":26,"column":65}}]}},"s":{"0":0,"1":0,"2":0,"3":0,"4":0,"5":0,"6":0},"f":{"0":0,"1":0},"b":{"0":[0],"1":[0,0],"2":[0,0],"3":[0,0],"4":[0,0]}}
}
