TN:
SF:src\App.tsx
FN:10,(anonymous_0)
FN:11,(anonymous_1)
FNF:2
FNH:0
FNDA:0,(anonymous_0)
FNDA:0,(anonymous_1)
DA:2,0
DA:5,0
DA:7,0
DA:8,0
DA:10,0
DA:11,0
DA:13,0
DA:30,0
LF:8
LH:0
BRDA:14,0,0,0
BRDA:14,0,1,0
BRF:2
BRH:0
end_of_record
TN:
SF:src\i18n.ts
FN:25,(anonymous_0)
FN:30,(anonymous_1)
FN:51,(anonymous_2)
FN:56,(anonymous_3)
FN:57,(anonymous_4)
FNF:5
FNH:0
FNDA:0,(anonymous_0)
FNDA:0,(anonymous_1)
FNDA:0,(anonymous_2)
FNDA:0,(anonymous_3)
FNDA:0,(anonymous_4)
DA:1,0
DA:2,0
DA:3,0
DA:5,0
DA:7,0
DA:25,0
DA:26,0
DA:27,0
DA:28,0
DA:29,0
DA:30,0
DA:31,0
DA:35,0
DA:36,0
DA:37,0
DA:40,0
DA:42,0
DA:43,0
DA:48,0
DA:51,0
DA:52,0
DA:56,0
DA:57,0
DA:59,0
LF:24
LH:0
BRDA:13,0,0,0
BRDA:13,0,1,0
BRDA:29,1,0,0
BRDA:36,2,0,0
BRF:4
BRH:0
end_of_record
TN:
SF:src\main.tsx
FNF:0
FNH:0
DA:2,0
DA:3,0
DA:4,0
DA:5,0
DA:7,0
DA:9,0
DA:10,0
DA:11,0
DA:13,0
DA:15,0
DA:16,0
DA:18,0
LF:12
LH:0
BRF:0
BRH:0
end_of_record
TN:
SF:src\components\Alert.tsx
FN:2,(anonymous_0)
FNF:1
FNH:0
FNDA:0,(anonymous_0)
DA:2,0
DA:3,0
DA:13,0
LF:3
LH:0
BRDA:5,0,0,0
BRDA:5,0,1,0
BRDA:6,1,0,0
BRDA:6,1,1,0
BRDA:6,2,0,0
BRDA:6,2,1,0
BRF:6
BRH:0
end_of_record
TN:
SF:src\components\HomeInfo.tsx
FN:19,(anonymous_0)
FN:21,(anonymous_1)
FN:49,(anonymous_2)
FN:59,(anonymous_3)
FN:60,(anonymous_4)
FN:72,(anonymous_5)
FN:75,(anonymous_6)
FN:79,(anonymous_7)
FN:91,(anonymous_8)
FNF:9
FNH:0
FNDA:0,(anonymous_0)
FNDA:0,(anonymous_1)
FNDA:0,(anonymous_2)
FNDA:0,(anonymous_3)
FNDA:0,(anonymous_4)
FNDA:0,(anonymous_5)
FNDA:0,(anonymous_6)
FNDA:0,(anonymous_7)
FNDA:0,(anonymous_8)
DA:2,0
DA:3,0
DA:4,0
DA:5,0
DA:6,0
DA:8,0
DA:19,0
DA:21,0
DA:23,0
DA:49,0
DA:50,0
DA:51,0
DA:52,0
DA:57,0
DA:59,0
DA:60,0
DA:61,0
DA:62,0
DA:63,0
DA:65,0
DA:69,0
DA:72,0
DA:73,0
DA:75,0
DA:76,0
DA:77,0
DA:79,0
DA:80,0
DA:81,0
DA:87,0
DA:91,0
DA:94,0
DA:104,0
LF:33
LH:0
BRDA:26,0,0,0
BRDA:26,0,1,0
BRDA:31,1,0,0
BRDA:31,1,1,0
BRDA:76,2,0,0
BRDA:76,2,1,0
BRDA:80,3,0,0
BRF:7
BRH:0
end_of_record
TN:
SF:src\components\LanguageToggle.tsx
FN:5,(anonymous_0)
FN:9,(anonymous_1)
FN:22,(anonymous_2)
FN:24,(anonymous_3)
FN:30,(anonymous_4)
FN:42,(anonymous_5)
FN:45,(anonymous_6)
FNF:7
FNH:0
FNDA:0,(anonymous_0)
FNDA:0,(anonymous_1)
FNDA:0,(anonymous_2)
FNDA:0,(anonymous_3)
FNDA:0,(anonymous_4)
FNDA:0,(anonymous_5)
FNDA:0,(anonymous_6)
DA:2,0
DA:3,0
DA:5,0
DA:6,0
DA:7,0
DA:9,0
DA:10,0
DA:11,0
DA:15,0
DA:22,0
DA:24,0
DA:26,0
DA:30,0
DA:43,0
DA:45,0
DA:59,0
LF:16
LH:0
BRDA:38,0,0,0
BRDA:38,0,1,0
BRDA:49,1,0,0
BRDA:49,1,1,0
BRF:4
BRH:0
end_of_record
TN:
SF:src\components\ThemeToggle.tsx
FN:6,(anonymous_0)
FN:8,(anonymous_1)
FN:12,(anonymous_2)
FNF:3
FNH:0
FNDA:0,(anonymous_0)
FNDA:0,(anonymous_1)
FNDA:0,(anonymous_2)
DA:2,0
DA:3,0
DA:6,0
DA:7,0
DA:8,0
DA:10,0
DA:12,0
DA:20,0
LF:8
LH:0
BRDA:15,0,0,0
BRDA:15,0,1,0
BRF:2
BRH:0
end_of_record
TN:
SF:src\hooks\useAlert.ts
FN:6,(anonymous_0)
FN:13,(anonymous_1)
FN:20,(anonymous_2)
FNF:3
FNH:0
FNDA:0,(anonymous_0)
FNDA:0,(anonymous_1)
FNDA:0,(anonymous_2)
DA:1,0
DA:6,0
DA:7,0
DA:13,0
DA:14,0
DA:20,0
DA:21,0
DA:27,0
DA:30,0
LF:9
LH:0
BRDA:13,0,0,0
BRF:1
BRH:0
end_of_record
TN:
SF:src\models\Bonfire.tsx
FN:35,(anonymous_0)
FN:38,(anonymous_1)
FNF:2
FNH:0
FNDA:0,(anonymous_0)
FNDA:0,(anonymous_1)
DA:10,0
DA:11,0
DA:12,0
DA:14,0
DA:35,0
DA:36,0
DA:38,0
DA:39,0
DA:40,0
DA:41,0
DA:42,0
DA:43,0
DA:44,0
DA:47,0
DA:107,0
DA:109,0
LF:16
LH:0
BRDA:39,0,0,0
BRDA:100,1,0,0
BRDA:100,1,1,0
BRF:3
BRH:0
end_of_record
TN:
SF:src\models\Book.tsx
FN:25,(anonymous_0)
FN:30,(anonymous_1)
FN:31,(anonymous_2)
FNF:3
FNH:0
FNDA:0,(anonymous_0)
FNDA:0,(anonymous_1)
FNDA:0,(anonymous_2)
DA:11,0
DA:12,0
DA:13,0
DA:14,0
DA:16,0
DA:25,0
DA:26,0
DA:27,0
DA:28,0
DA:30,0
DA:31,0
DA:32,0
DA:33,0
DA:34,0
DA:35,0
DA:39,0
DA:40,0
DA:44,0
DA:218,0
DA:220,0
LF:20
LH:0
BRDA:32,0,0,0
BRDA:39,1,0,0
BRDA:68,2,0,0
BRDA:68,2,1,0
BRDA:75,3,0,0
BRDA:75,3,1,0
BRDA:84,4,0,0
BRDA:84,4,1,0
BRDA:91,5,0,0
BRDA:91,5,1,0
BRDA:112,6,0,0
BRDA:112,6,1,0
BRDA:132,7,0,0
BRDA:132,7,1,0
BRDA:150,8,0,0
BRDA:150,8,1,0
BRDA:151,9,0,0
BRDA:151,9,1,0
BRDA:152,10,0,0
BRDA:152,10,1,0
BRDA:153,11,0,0
BRDA:153,11,1,0
BRDA:170,12,0,0
BRDA:170,12,1,0
BRDA:171,13,0,0
BRDA:171,13,1,0
BRDA:172,14,0,0
BRDA:172,14,1,0
BRDA:173,15,0,0
BRDA:173,15,1,0
BRDA:190,16,0,0
BRDA:190,16,1,0
BRDA:205,17,0,0
BRDA:205,17,1,0
BRF:34
BRH:0
end_of_record
TN:
SF:src\models\Ciri.tsx
FN:30,(anonymous_0)
FN:47,(anonymous_1)
FN:48,(anonymous_2)
FN:49,(anonymous_3)
FN:83,(anonymous_4)
FN:86,(anonymous_5)
FN:98,(anonymous_6)
FN:116,(anonymous_7)
FN:117,(anonymous_8)
FN:139,(anonymous_9)
FN:213,(anonymous_10)
FN:218,(anonymous_11)
FN:245,(anonymous_12)
FN:263,(anonymous_13)
FN:284,(anonymous_14)
FN:304,(anonymous_15)
FN:317,(anonymous_16)
FN:330,(anonymous_17)
FN:353,(anonymous_18)
FN:432,(anonymous_19)
FN:435,(anonymous_20)
FN:446,(anonymous_21)
FN:455,(anonymous_22)
FN:473,(anonymous_23)
FN:485,(anonymous_24)
FN:493,(anonymous_25)
FN:508,(anonymous_26)
FN:510,(anonymous_27)
FN:522,(anonymous_28)
FN:527,(anonymous_29)
FNF:30
FNH:0
FNDA:0,(anonymous_0)
FNDA:0,(anonymous_1)
FNDA:0,(anonymous_2)
FNDA:0,(anonymous_3)
FNDA:0,(anonymous_4)
FNDA:0,(anonymous_5)
FNDA:0,(anonymous_6)
FNDA:0,(anonymous_7)
FNDA:0,(anonymous_8)
FNDA:0,(anonymous_9)
FNDA:0,(anonymous_10)
FNDA:0,(anonymous_11)
FNDA:0,(anonymous_12)
FNDA:0,(anonymous_13)
FNDA:0,(anonymous_14)
FNDA:0,(anonymous_15)
FNDA:0,(anonymous_16)
FNDA:0,(anonymous_17)
FNDA:0,(anonymous_18)
FNDA:0,(anonymous_19)
FNDA:0,(anonymous_20)
FNDA:0,(anonymous_21)
FNDA:0,(anonymous_22)
FNDA:0,(anonymous_23)
FNDA:0,(anonymous_24)
FNDA:0,(anonymous_25)
FNDA:0,(anonymous_26)
FNDA:0,(anonymous_27)
FNDA:0,(anonymous_28)
FNDA:0,(anonymous_29)
DA:12,0
DA:13,0
DA:15,0
DA:16,0
DA:17,0
DA:19,0
DA:20,0
DA:30,0
DA:37,0
DA:39,0
DA:42,0
DA:43,0
DA:47,0
DA:48,0
DA:49,0
DA:50,0
DA:53,0
DA:58,0
DA:62,0
DA:63,0
DA:65,0
DA:70,0
DA:72,0
DA:74,0
DA:75,0
DA:76,0
DA:77,0
DA:78,0
DA:80,0
DA:82,0
DA:84,0
DA:86,0
DA:88,0
DA:89,0
DA:90,0
DA:92,0
DA:93,0
DA:94,0
DA:95,0
DA:97,0
DA:98,0
DA:99,0
DA:100,0
DA:103,0
DA:106,0
DA:108,0
DA:110,0
DA:116,0
DA:117,0
DA:118,0
DA:119,0
DA:122,0
DA:124,0
DA:125,0
DA:127,0
DA:128,0
DA:130,0
DA:131,0
DA:133,0
DA:134,0
DA:138,0
DA:139,0
DA:140,0
DA:145,0
DA:192,0
DA:212,0
DA:214,0
DA:215,0
DA:218,0
DA:219,0
DA:220,0
DA:221,0
DA:222,0
DA:223,0
DA:225,0
DA:229,0
DA:230,0
DA:235,0
DA:236,0
DA:237,0
DA:242,0
DA:244,0
DA:247,0
DA:249,0
DA:251,0
DA:252,0
DA:254,0
DA:256,0
DA:257,0
DA:262,0
DA:265,0
DA:267,0
DA:268,0
DA:269,0
DA:271,0
DA:272,0
DA:273,0
DA:274,0
DA:275,0
DA:277,0
DA:283,0
DA:286,0
DA:288,0
DA:290,0
DA:291,0
DA:293,0
DA:298,0
DA:303,0
DA:306,0
DA:308,0
DA:309,0
DA:310,0
DA:316,0
DA:318,0
DA:319,0
DA:320,0
DA:321,0
DA:329,0
DA:332,0
DA:334,0
DA:335,0
DA:336,0
DA:337,0
DA:338,0
DA:339,0
DA:341,0
DA:342,0
DA:343,0
DA:344,0
DA:345,0
DA:346,0
DA:353,0
DA:355,0
DA:356,0
DA:357,0
DA:358,0
DA:359,0
DA:362,0
DA:363,0
DA:364,0
DA:365,0
DA:366,0
DA:370,0
DA:371,0
DA:373,0
DA:374,0
DA:378,0
DA:379,0
DA:380,0
DA:385,0
DA:386,0
DA:387,0
DA:390,0
DA:391,0
DA:394,0
DA:398,0
DA:400,0
DA:403,0
DA:406,0
DA:407,0
DA:410,0
DA:414,0
DA:417,0
DA:422,0
DA:425,0
DA:432,0
DA:434,0
DA:435,0
DA:436,0
DA:437,0
DA:438,0
DA:440,0
DA:446,0
DA:447,0
DA:448,0
DA:449,0
DA:450,0
DA:451,0
DA:452,0
DA:453,0
DA:455,0
DA:456,0
DA:457,0
DA:458,0
DA:459,0
DA:460,0
DA:461,0
DA:473,0
DA:474,0
DA:476,0
DA:477,0
DA:478,0
DA:481,0
DA:485,0
DA:486,0
DA:487,0
DA:493,0
DA:494,0
DA:495,0
DA:496,0
DA:497,0
DA:498,0
DA:500,0
DA:501,0
DA:504,0
DA:508,0
DA:509,0
DA:510,0
DA:511,0
DA:512,0
DA:513,0
DA:514,0
DA:515,0
DA:516,0
DA:522,0
DA:523,0
DA:524,0
DA:527,0
DA:528,0
DA:531,0
DA:535,0
DA:872,0
DA:874,0
LF:223
LH:0
BRDA:84,0,0,0
BRDA:89,1,0,0
BRDA:103,2,0,0
BRDA:103,2,1,0
BRDA:118,3,0,0
BRDA:118,4,0,0
BRDA:118,4,1,0
BRDA:118,4,2,0
BRDA:122,5,0,0
BRDA:122,5,1,0
BRDA:122,5,2,0
BRDA:122,5,3,0
BRDA:145,6,0,0
BRDA:145,6,1,0
BRDA:192,7,0,0
BRDA:192,7,1,0
BRDA:225,8,0,0
BRDA:226,9,0,0
BRDA:226,9,1,0
BRDA:235,10,0,0
BRDA:235,11,0,0
BRDA:235,11,1,0
BRDA:247,12,0,0
BRDA:249,13,0,0
BRDA:249,14,0,0
BRDA:249,14,1,0
BRDA:265,15,0,0
BRDA:267,16,0,0
BRDA:272,17,0,0
BRDA:272,18,0,0
BRDA:272,18,1,0
BRDA:286,19,0,0
BRDA:288,20,0,0
BRDA:288,21,0,0
BRDA:288,21,1,0
BRDA:306,22,0,0
BRDA:308,23,0,0
BRDA:308,24,0,0
BRDA:308,24,1,0
BRDA:309,25,0,0
BRDA:318,26,0,0
BRDA:318,27,0,0
BRDA:318,27,1,0
BRDA:320,28,0,0
BRDA:320,29,0,0
BRDA:320,29,1,0
BRDA:332,30,0,0
BRDA:334,31,0,0
BRDA:334,31,1,0
BRDA:335,32,0,0
BRDA:337,33,0,0
BRDA:341,34,0,0
BRDA:342,35,0,0
BRDA:344,36,0,0
BRDA:355,37,0,0
BRDA:357,38,0,0
BRDA:362,39,0,0
BRDA:364,40,0,0
BRDA:370,41,0,0
BRDA:373,42,0,0
BRDA:379,43,0,0
BRDA:379,44,0,0
BRDA:379,44,1,0
BRDA:398,45,0,0
BRDA:427,46,0,0
BRDA:427,46,1,0
BRDA:434,47,0,0
BRDA:436,48,0,0
BRDA:474,49,0,0
BRDA:477,50,0,0
BRDA:478,51,0,0
BRDA:478,51,1,0
BRDA:486,52,0,0
BRDA:494,53,0,0
BRDA:494,53,1,0
BRDA:494,54,0,0
BRDA:494,54,1,0
BRDA:500,55,0,0
BRDA:509,56,0,0
BRDA:512,57,0,0
BRDA:524,58,0,0
BRDA:524,59,0,0
BRDA:524,59,1,0
BRDA:527,60,0,0
BRDA:528,61,0,0
BRDA:528,61,1,0
BRDA:590,62,0,0
BRDA:590,62,1,0
BRF:88
BRH:0
end_of_record
TN:
SF:src\models\Dragon.tsx
FN:27,(anonymous_0)
FN:34,(anonymous_1)
FN:40,(anonymous_2)
FNF:3
FNH:0
FNDA:0,(anonymous_0)
FNDA:0,(anonymous_1)
FNDA:0,(anonymous_2)
DA:11,0
DA:12,0
DA:15,0
DA:16,0
DA:17,0
DA:18,0
DA:27,0
DA:28,0
DA:29,0
DA:30,0
DA:32,0
DA:34,0
DA:35,0
DA:36,0
DA:40,0
DA:42,0
DA:45,0
DA:46,0
DA:47,0
DA:48,0
DA:49,0
DA:52,0
DA:53,0
DA:56,0
DA:57,0
DA:60,0
DA:64,0
DA:67,0
DA:69,0
DA:71,0
DA:76,0
DA:83,0
DA:84,0
DA:90,0
DA:91,0
DA:94,0
DA:126,0
DA:128,0
LF:38
LH:0
BRDA:35,0,0,0
BRF:1
BRH:0
end_of_record
TN:
SF:src\models\Flag.tsx
FN:22,(anonymous_0)
FN:27,(anonymous_1)
FN:28,(anonymous_2)
FN:46,(anonymous_3)
FN:49,(anonymous_4)
FN:79,(anonymous_5)
FNF:6
FNH:0
FNDA:0,(anonymous_0)
FNDA:0,(anonymous_1)
FNDA:0,(anonymous_2)
FNDA:0,(anonymous_3)
FNDA:0,(anonymous_4)
FNDA:0,(anonymous_5)
DA:2,0
DA:3,0
DA:4,0
DA:7,0
DA:22,0
DA:23,0
DA:24,0
DA:27,0
DA:28,0
DA:30,0
DA:31,0
DA:32,0
DA:36,0
DA:38,0
DA:41,0
DA:44,0
DA:46,0
DA:48,0
DA:49,0
DA:50,0
DA:57,0
DA:58,0
DA:59,0
DA:60,0
DA:61,0
DA:64,0
DA:65,0
DA:66,0
DA:67,0
DA:73,0
DA:74,0
DA:78,0
DA:79,0
DA:80,0
DA:81,0
DA:82,0
DA:83,0
DA:84,0
DA:90,0
DA:143,0
DA:145,0
LF:41
LH:0
BRDA:30,0,0,0
BRDA:48,1,0,0
BRDA:57,2,0,0
BRDA:64,3,0,0
BRDA:73,4,0,0
BRDA:78,5,0,0
BRDA:80,6,0,0
BRDA:80,6,1,0
BRDA:80,7,0,0
BRDA:80,7,1,0
BRDA:81,8,0,0
BRDA:81,8,1,0
BRDA:83,9,0,0
BRF:13
BRH:0
end_of_record
TN:
SF:src\models\Sif.tsx
FN:40,(anonymous_0)
FN:46,(anonymous_1)
FN:53,(anonymous_2)
FN:61,(anonymous_3)
FNF:4
FNH:0
FNDA:0,(anonymous_0)
FNDA:0,(anonymous_1)
FNDA:0,(anonymous_2)
FNDA:0,(anonymous_3)
DA:10,0
DA:11,0
DA:14,0
DA:40,0
DA:41,0
DA:42,0
DA:44,0
DA:46,0
DA:53,0
DA:54,0
DA:55,0
DA:57,0
DA:58,0
DA:61,0
DA:62,0
DA:63,0
DA:68,0
DA:140,0
DA:142,0
LF:19
LH:0
BRDA:57,0,0,0
BRDA:62,1,0,0
BRF:2
BRH:0
end_of_record
TN:
SF:src\models\Sky.tsx
FN:29,(anonymous_0)
FN:30,(anonymous_1)
FN:31,(anonymous_2)
FN:33,(anonymous_3)
FN:34,(anonymous_4)
FN:56,(anonymous_5)
FN:60,(anonymous_6)
FN:64,(anonymous_7)
FN:66,(anonymous_8)
FNF:9
FNH:0
FNDA:0,(anonymous_0)
FNDA:0,(anonymous_1)
FNDA:0,(anonymous_2)
FNDA:0,(anonymous_3)
FNDA:0,(anonymous_4)
FNDA:0,(anonymous_5)
FNDA:0,(anonymous_6)
FNDA:0,(anonymous_7)
FNDA:0,(anonymous_8)
DA:11,0
DA:12,0
DA:13,0
DA:14,0
DA:29,0
DA:30,0
DA:31,0
DA:33,0
DA:43,0
DA:44,0
DA:45,0
DA:46,0
DA:48,0
DA:50,0
DA:54,0
DA:56,0
DA:57,0
DA:60,0
DA:61,0
DA:64,0
DA:65,0
DA:66,0
DA:67,0
DA:69,0
DA:70,0
DA:74,0
DA:75,0
DA:76,0
DA:82,0
DA:93,0
DA:96,0
LF:31
LH:0
BRDA:44,0,0,0
BRDA:47,1,0,0
BRDA:47,1,1,0
BRDA:57,2,0,0
BRDA:57,2,1,0
BRDA:61,3,0,0
BRDA:61,3,1,0
BRDA:65,4,0,0
BRDA:67,5,0,0
BRDA:67,6,0,0
BRDA:67,6,1,0
BRDA:69,7,0,0
BRF:12
BRH:0
end_of_record
TN:
SF:src\pages\Home.tsx
FN:27,(anonymous_0)
FN:34,(anonymous_1)
FN:71,(anonymous_2)
FN:77,(anonymous_3)
FN:83,(anonymous_4)
FN:93,(anonymous_5)
FN:98,(anonymous_6)
FN:110,(anonymous_7)
FN:111,(anonymous_8)
FN:123,(anonymous_9)
FN:143,(anonymous_10)
FN:198,(anonymous_11)
FN:199,(anonymous_12)
FN:200,(anonymous_13)
FN:201,(anonymous_14)
FN:202,(anonymous_15)
FN:212,(anonymous_16)
FN:213,(anonymous_17)
FN:214,(anonymous_18)
FN:215,(anonymous_19)
FN:216,(anonymous_20)
FN:226,(anonymous_21)
FN:227,(anonymous_22)
FN:228,(anonymous_23)
FN:229,(anonymous_24)
FN:230,(anonymous_25)
FN:237,(anonymous_26)
FN:238,(anonymous_27)
FN:239,(anonymous_28)
FN:240,(anonymous_29)
FN:241,(anonymous_30)
FN:248,(anonymous_31)
FN:249,(anonymous_32)
FN:250,(anonymous_33)
FN:251,(anonymous_34)
FN:252,(anonymous_35)
FN:259,(anonymous_36)
FN:260,(anonymous_37)
FN:261,(anonymous_38)
FN:262,(anonymous_39)
FN:263,(anonymous_40)
FN:275,(anonymous_41)
FN:276,(anonymous_42)
FN:277,(anonymous_43)
FN:278,(anonymous_44)
FN:279,(anonymous_45)
FN:286,(anonymous_46)
FN:287,(anonymous_47)
FN:288,(anonymous_48)
FN:289,(anonymous_49)
FN:290,(anonymous_50)
FN:297,(anonymous_51)
FN:298,(anonymous_52)
FN:299,(anonymous_53)
FN:300,(anonymous_54)
FN:301,(anonymous_55)
FN:308,(anonymous_56)
FN:309,(anonymous_57)
FN:310,(anonymous_58)
FN:311,(anonymous_59)
FN:312,(anonymous_60)
FN:321,(anonymous_61)
FN:322,(anonymous_62)
FN:323,(anonymous_63)
FN:324,(anonymous_64)
FN:325,(anonymous_65)
FN:335,(anonymous_66)
FN:336,(anonymous_67)
FN:337,(anonymous_68)
FN:338,(anonymous_69)
FN:339,(anonymous_70)
FN:354,(anonymous_71)
FN:374,(anonymous_72)
FN:386,(anonymous_73)
FN:398,(anonymous_74)
FN:417,(anonymous_75)
FN:447,(anonymous_76)
FN:473,(anonymous_77)
FN:484,(anonymous_78)
FN:492,(anonymous_79)
FN:511,(anonymous_80)
FN:518,(anonymous_81)
FN:528,(anonymous_82)
FN:541,(anonymous_83)
FN:557,(anonymous_84)
FN:564,(anonymous_85)
FN:570,(anonymous_86)
FNF:87
FNH:0
FNDA:0,(anonymous_0)
FNDA:0,(anonymous_1)
FNDA:0,(anonymous_2)
FNDA:0,(anonymous_3)
FNDA:0,(anonymous_4)
FNDA:0,(anonymous_5)
FNDA:0,(anonymous_6)
FNDA:0,(anonymous_7)
FNDA:0,(anonymous_8)
FNDA:0,(anonymous_9)
FNDA:0,(anonymous_10)
FNDA:0,(anonymous_11)
FNDA:0,(anonymous_12)
FNDA:0,(anonymous_13)
FNDA:0,(anonymous_14)
FNDA:0,(anonymous_15)
FNDA:0,(anonymous_16)
FNDA:0,(anonymous_17)
FNDA:0,(anonymous_18)
FNDA:0,(anonymous_19)
FNDA:0,(anonymous_20)
FNDA:0,(anonymous_21)
FNDA:0,(anonymous_22)
FNDA:0,(anonymous_23)
FNDA:0,(anonymous_24)
FNDA:0,(anonymous_25)
FNDA:0,(anonymous_26)
FNDA:0,(anonymous_27)
FNDA:0,(anonymous_28)
FNDA:0,(anonymous_29)
FNDA:0,(anonymous_30)
FNDA:0,(anonymous_31)
FNDA:0,(anonymous_32)
FNDA:0,(anonymous_33)
FNDA:0,(anonymous_34)
FNDA:0,(anonymous_35)
FNDA:0,(anonymous_36)
FNDA:0,(anonymous_37)
FNDA:0,(anonymous_38)
FNDA:0,(anonymous_39)
FNDA:0,(anonymous_40)
FNDA:0,(anonymous_41)
FNDA:0,(anonymous_42)
FNDA:0,(anonymous_43)
FNDA:0,(anonymous_44)
FNDA:0,(anonymous_45)
FNDA:0,(anonymous_46)
FNDA:0,(anonymous_47)
FNDA:0,(anonymous_48)
FNDA:0,(anonymous_49)
FNDA:0,(anonymous_50)
FNDA:0,(anonymous_51)
FNDA:0,(anonymous_52)
FNDA:0,(anonymous_53)
FNDA:0,(anonymous_54)
FNDA:0,(anonymous_55)
FNDA:0,(anonymous_56)
FNDA:0,(anonymous_57)
FNDA:0,(anonymous_58)
FNDA:0,(anonymous_59)
FNDA:0,(anonymous_60)
FNDA:0,(anonymous_61)
FNDA:0,(anonymous_62)
FNDA:0,(anonymous_63)
FNDA:0,(anonymous_64)
FNDA:0,(anonymous_65)
FNDA:0,(anonymous_66)
FNDA:0,(anonymous_67)
FNDA:0,(anonymous_68)
FNDA:0,(anonymous_69)
FNDA:0,(anonymous_70)
FNDA:0,(anonymous_71)
FNDA:0,(anonymous_72)
FNDA:0,(anonymous_73)
FNDA:0,(anonymous_74)
FNDA:0,(anonymous_75)
FNDA:0,(anonymous_76)
FNDA:0,(anonymous_77)
FNDA:0,(anonymous_78)
FNDA:0,(anonymous_79)
FNDA:0,(anonymous_80)
FNDA:0,(anonymous_81)
FNDA:0,(anonymous_82)
FNDA:0,(anonymous_83)
FNDA:0,(anonymous_84)
FNDA:0,(anonymous_85)
FNDA:0,(anonymous_86)
DA:2,0
DA:3,0
DA:5,0
DA:6,0
DA:7,0
DA:8,0
DA:9,0
DA:10,0
DA:11,0
DA:12,0
DA:13,0
DA:27,0
DA:28,0
DA:29,0
DA:30,0
DA:31,0
DA:32,0
DA:34,0
DA:37,0
DA:71,0
DA:73,0
DA:74,0
DA:77,0
DA:79,0
DA:80,0
DA:83,0
DA:85,0
DA:88,0
DA:89,0
DA:93,0
DA:94,0
DA:98,0
DA:100,0
DA:101,0
DA:102,0
DA:106,0
DA:110,0
DA:111,0
DA:112,0
DA:113,0
DA:118,0
DA:123,0
DA:144,0
DA:145,0
DA:198,0
DA:199,0
DA:200,0
DA:201,0
DA:202,0
DA:212,0
DA:213,0
DA:214,0
DA:215,0
DA:216,0
DA:226,0
DA:227,0
DA:228,0
DA:229,0
DA:230,0
DA:237,0
DA:238,0
DA:239,0
DA:240,0
DA:241,0
DA:248,0
DA:249,0
DA:250,0
DA:251,0
DA:252,0
DA:259,0
DA:260,0
DA:261,0
DA:262,0
DA:263,0
DA:275,0
DA:276,0
DA:277,0
DA:278,0
DA:279,0
DA:286,0
DA:287,0
DA:288,0
DA:289,0
DA:290,0
DA:297,0
DA:298,0
DA:299,0
DA:300,0
DA:301,0
DA:308,0
DA:309,0
DA:310,0
DA:311,0
DA:312,0
DA:321,0
DA:322,0
DA:323,0
DA:324,0
DA:325,0
DA:335,0
DA:336,0
DA:337,0
DA:338,0
DA:339,0
DA:354,0
DA:362,0
DA:363,0
DA:364,0
DA:365,0
DA:366,0
DA:367,0
DA:368,0
DA:369,0
DA:370,0
DA:371,0
DA:372,0
DA:374,0
DA:375,0
DA:376,0
DA:377,0
DA:379,0
DA:380,0
DA:383,0
DA:386,0
DA:387,0
DA:388,0
DA:389,0
DA:391,0
DA:392,0
DA:395,0
DA:398,0
DA:399,0
DA:400,0
DA:401,0
DA:403,0
DA:404,0
DA:405,0
DA:408,0
DA:417,0
DA:418,0
DA:419,0
DA:425,0
DA:427,0
DA:428,0
DA:429,0
DA:437,0
DA:441,0
DA:443,0
DA:444,0
DA:445,0
DA:447,0
DA:448,0
DA:449,0
DA:450,0
DA:452,0
DA:453,0
DA:454,0
DA:455,0
DA:457,0
DA:458,0
DA:459,0
DA:463,0
DA:464,0
DA:472,0
DA:474,0
DA:475,0
DA:476,0
DA:477,0
DA:478,0
DA:484,0
DA:485,0
DA:486,0
DA:487,0
DA:491,0
DA:493,0
DA:494,0
DA:495,0
DA:497,0
DA:498,0
DA:504,0
DA:505,0
DA:511,0
DA:512,0
DA:513,0
DA:514,0
DA:515,0
DA:516,0
DA:518,0
DA:519,0
DA:520,0
DA:521,0
DA:522,0
DA:527,0
DA:529,0
DA:530,0
DA:531,0
DA:532,0
DA:533,0
DA:534,0
DA:540,0
DA:542,0
DA:543,0
DA:544,0
DA:545,0
DA:546,0
DA:547,0
DA:548,0
DA:549,0
DA:556,0
DA:558,0
DA:559,0
DA:564,0
DA:565,0
DA:566,0
DA:567,0
DA:568,0
DA:570,0
DA:571,0
DA:572,0
DA:573,0
DA:580,0
DA:626,0
LF:222
LH:0
BRDA:37,0,0,0
BRDA:37,0,1,0
BRDA:88,1,0,0
BRDA:100,2,0,0
BRDA:112,3,0,0
BRDA:121,4,0,0
BRDA:121,4,1,0
BRDA:131,5,0,0
BRDA:131,5,1,0
BRDA:140,6,0,0
BRDA:140,6,1,0
BRDA:189,7,0,0
BRDA:189,7,1,0
BRDA:379,8,0,0
BRDA:391,9,0,0
BRDA:403,10,0,0
BRDA:427,11,0,0
BRDA:448,12,0,0
BRDA:452,13,0,0
BRDA:454,14,0,0
BRDA:457,15,0,0
BRDA:463,16,0,0
BRDA:474,17,0,0
BRDA:485,18,0,0
BRDA:493,19,0,0
BRDA:493,20,0,0
BRDA:493,20,1,0
BRDA:529,21,0,0
BRDA:542,22,0,0
BRF:29
BRH:0
end_of_record
TN:
SF:src\pages\Projects.tsx
FN:16,(anonymous_0)
FN:25,(anonymous_1)
FN:33,(anonymous_2)
FN:37,(anonymous_3)
FN:44,(anonymous_4)
FN:51,(anonymous_5)
FN:59,(anonymous_6)
FN:64,(anonymous_7)
FN:70,(anonymous_8)
FN:75,(anonymous_9)
FN:78,(anonymous_10)
FN:89,(anonymous_11)
FN:90,(anonymous_12)
FN:112,(anonymous_13)
FN:135,(anonymous_14)
FN:145,(anonymous_15)
FN:164,(anonymous_16)
FN:209,(anonymous_17)
FN:215,(anonymous_18)
FN:216,(anonymous_19)
FN:265,(anonymous_20)
FNF:21
FNH:0
FNDA:0,(anonymous_0)
FNDA:0,(anonymous_1)
FNDA:0,(anonymous_2)
FNDA:0,(anonymous_3)
FNDA:0,(anonymous_4)
FNDA:0,(anonymous_5)
FNDA:0,(anonymous_6)
FNDA:0,(anonymous_7)
FNDA:0,(anonymous_8)
FNDA:0,(anonymous_9)
FNDA:0,(anonymous_10)
FNDA:0,(anonymous_11)
FNDA:0,(anonymous_12)
FNDA:0,(anonymous_13)
FNDA:0,(anonymous_14)
FNDA:0,(anonymous_15)
FNDA:0,(anonymous_16)
FNDA:0,(anonymous_17)
FNDA:0,(anonymous_18)
FNDA:0,(anonymous_19)
FNDA:0,(anonymous_20)
DA:2,0
DA:3,0
DA:4,0
DA:6,0
DA:7,0
DA:15,0
DA:16,0
DA:25,0
DA:32,0
DA:33,0
DA:34,0
DA:37,0
DA:38,0
DA:39,0
DA:40,0
DA:41,0
DA:43,0
DA:45,0
DA:46,0
DA:48,0
DA:50,0
DA:51,0
DA:58,0
DA:60,0
DA:61,0
DA:62,0
DA:63,0
DA:64,0
DA:70,0
DA:74,0
DA:75,0
DA:78,0
DA:79,0
DA:80,0
DA:85,0
DA:89,0
DA:91,0
DA:92,0
DA:113,0
DA:115,0
DA:116,0
DA:117,0
DA:118,0
DA:136,0
DA:145,0
DA:165,0
DA:209,0
DA:210,0
DA:211,0
DA:212,0
DA:213,0
DA:215,0
DA:216,0
DA:217,0
DA:218,0
DA:219,0
DA:221,0
DA:224,0
DA:226,0
DA:230,0
DA:233,0
DA:234,0
DA:241,0
DA:242,0
DA:252,0
DA:266,0
DA:282,0
LF:67
LH:0
BRDA:17,0,0,0
BRDA:17,0,1,0
BRDA:27,1,0,0
BRDA:27,1,1,0
BRDA:45,2,0,0
BRDA:45,3,0,0
BRDA:45,3,1,0
BRDA:60,4,0,0
BRDA:60,5,0,0
BRDA:60,5,1,0
BRDA:62,6,0,0
BRDA:62,6,1,0
BRDA:74,7,0,0
BRDA:74,8,0,0
BRDA:74,8,1,0
BRDA:79,9,0,0
BRDA:115,10,0,0
BRDA:115,10,1,0
BRDA:117,11,0,0
BRDA:133,12,0,0
BRDA:133,12,1,0
BRDA:139,13,0,0
BRDA:139,13,1,0
BRDA:143,14,0,0
BRDA:143,14,1,0
BRDA:175,15,0,0
BRDA:175,15,1,0
BRDA:189,16,0,0
BRDA:189,16,1,0
BRDA:222,17,0,0
BRDA:222,17,1,0
BRDA:233,18,0,0
BRDA:241,19,0,0
BRDA:267,20,0,0
BRDA:267,20,1,0
BRF:35
BRH:0
end_of_record
TN:
SF:src\pages\index.ts
FNF:0
FNH:0
DA:2,0
DA:3,0
DA:4,0
DA:5,0
DA:7,0
LF:5
LH:0
BRF:0
BRH:0
end_of_record
TN:
SF:src\redux\store.ts
FN:21,(anonymous_0)
FNF:1
FNH:0
FNDA:0,(anonymous_0)
DA:2,0
DA:3,0
DA:4,0
DA:5,0
DA:7,0
DA:13,0
DA:17,0
DA:19,0
DA:22,0
DA:29,0
DA:33,0
LF:11
LH:0
BRF:0
BRH:0
end_of_record
TN:
SF:src\redux\themeSlice.ts
FN:16,(anonymous_0)
FN:20,(anonymous_1)
FNF:2
FNH:0
FNDA:0,(anonymous_0)
FNDA:0,(anonymous_1)
DA:2,0
DA:8,0
DA:12,0
DA:17,0
DA:18,0
DA:21,0
DA:22,0
DA:27,0
DA:28,0
LF:9
LH:0
BRDA:9,0,0,0
BRDA:9,0,1,0
BRDA:17,1,0,0
BRDA:17,1,1,0
BRF:4
BRH:0
end_of_record
TN:
SF:src\services\supabaseService.ts
FN:46,(anonymous_0)
FN:57,(anonymous_1)
FN:67,(anonymous_2)
FN:77,(anonymous_3)
FN:85,(anonymous_4)
FN:101,(anonymous_5)
FN:111,(anonymous_6)
FNF:7
FNH:0
FNDA:0,(anonymous_0)
FNDA:0,(anonymous_1)
FNDA:0,(anonymous_2)
FNDA:0,(anonymous_3)
FNDA:0,(anonymous_4)
FNDA:0,(anonymous_5)
FNDA:0,(anonymous_6)
DA:1,0
DA:46,0
DA:47,0
DA:52,0
DA:53,0
DA:57,0
DA:58,0
DA:62,0
DA:63,0
DA:67,0
DA:68,0
DA:72,0
DA:73,0
DA:77,0
DA:78,0
DA:82,0
DA:85,0
DA:86,0
DA:87,0
DA:88,0
DA:90,0
DA:91,0
DA:92,0
DA:94,0
DA:97,0
DA:101,0
DA:102,0
DA:103,0
DA:104,0
DA:106,0
DA:107,0
DA:111,0
DA:112,0
DA:117,0
DA:118,0
DA:119,0
DA:122,0
LF:37
LH:0
BRDA:52,0,0,0
BRDA:62,1,0,0
BRDA:72,2,0,0
BRDA:82,3,0,0
BRDA:86,4,0,0
BRDA:87,5,0,0
BRDA:88,6,0,0
BRDA:117,7,0,0
BRDA:122,8,0,0
BRDA:122,8,1,0
BRF:10
BRH:0
end_of_record
TN:
SF:src\utils\motion.ts
FN:6,(anonymous_0)
FN:18,(anonymous_1)
FNF:2
FNH:0
FNDA:0,(anonymous_0)
FNDA:0,(anonymous_1)
DA:4,0
DA:6,0
DA:18,0
DA:23,0
LF:4
LH:0
BRDA:6,0,0,0
BRDA:25,1,0,0
BRDA:25,1,1,0
BRDA:25,2,0,0
BRDA:25,2,1,0
BRDA:26,3,0,0
BRDA:26,3,1,0
BRDA:26,4,0,0
BRDA:26,4,1,0
BRF:9
BRH:0
end_of_record
